
2129
2131
2154
2142
2132
2114
2101
2132
2141
2139
2133
2140
2133
2128
2137
2139
2124
2124
2130
2131
2148
2156
2153
2124
2136
2134
2137
2138
2146
2152
2145
2138
2136
2134
2132
2156
2132
2156
2153
2163
2150
2161
2156
2150
2140
2153
2158
2154
2150
2141
2141
2136
2129
2130
2126
2138
2148
2132
2113
2102
2104
2104
2107
2112
2107
2096
2092
2104
2092
2084
2080
2073
2101
2092
2085
2066
2068
2048
2058
2056
2058
2045
2051
2042
2065
2040
2056
2032
2062
2030
2029
2007
2006
2003
2013
2002
1994
1987
1989
1978
1985
1971
1979
1969
1972
1974
1978
1984
1958
1968
1956
1979
1981
1981
1972
1960
1958
1953
1963
1960
1954
1965
1955
1955
1964
1969
1957
1961
1956
1972
1987
2008
2004
2024
2019
2036
2024
2033
2038
2052
2049
2040
2050
2058
2065
2069
2057
2090
2086
2096
2096
2106
2102
2100
2097
2085
2088
2081
2096
2082
2090
2084
2067
2058
2045
2058
2051
2065
2056
2048
2032
2034
2038
2054
2041
2058
2050
2053
2049
2062
2048
2050
2050
2035
2056
2040
2050
2021
2017
2012
2013
2024
2022
2004
1982
1990
2004
2009
2006
2011
1989
1996
1986
2001
1995
2012
2000
2002
2011
2007
2001
1987
1992
2000
2017
2015
2033
2025
2027
2027
2041
2042
2060
2041
2048
2057
2074
2094
2078
2086
2084
2091
2088
2101
2096
2093
2100
2112
2120
2128
2104
2096
2090
2096
2110
2116
2125
2107
2109
2121
2137
2141
2144
2140
2133
2145
2135
2150
2149
2150
2169
2150
2154
2144
2153
2144
2139
2125
2132
2137
2138
2130
2108
2118
2125
2134
2145
2142
2142
2123
2125
2113
2100
2114
2120
2124
2123
2134
2143
2132
2134
2127
2136
2124
2140
2135
2137
2134
2116
2126
2110
2115
2122
2133
2131
2131
2118
2112
2101
2121
2102
2115
2101
2108
2105
2101
2101
2093
2110
2082
2113
2100
2106
2098
2099
2094
2098
2087
2086
2074
2098
2083
2098
2077
2084
2065
2077
2081
2075
2085
2083
2076
2074
2078
2066
2068
2073
2045
2037
2029
2033
2030
2014
2016
1986
2002
1995
2006
1997
1992
1974
1960
1968
1963
1966
1961
1958
1970
1969
1964
1966
1965
1954
1952
1957
1941
1944
1944
1940
1944
1938
1956
1961
1973
1984
1986
1984
1992
1999
2005
2004
2012
2001
2022
2025
2043
2054
2065
2062
2074
2081
2094
2098
2098
2080
2086
2079
2107
2098
2101
2091
2091
2088
2100
2114
2126
2117
2129
2120
2133
2118
2141
2145
2144
2144
2149
2150
2145
2150
2137
2129
2130
2137
2133
2140
2130
2122
2102
2112
2097
2125
2098
2089
2065
2080
2073
2064
2059
2052
2042
2033
2032
2034
2032
2032
2024
2013
2004
1995
1993
1977
1984
1976
1981
1977
1979
1984
1986
1981
1986
1978
1978
1986
1992
1978
1981
1976
1980
1994
2006
1996
1992
1995
2004
2013
2026
2018
2038
2051
2056
2057
2070
2069
2079
2072
2072
2075
2073
2064
2080
2098
2100
2095
2093
2088
2113
2115
2116
2123
2129
2136
2120
2130
2118
2112
2106
2112
2131
2132
2145
2128
2144
2149
2152
2148
2141
2129
2128
2118
2129
2117
2129
2120
2114
2131
2116
2122
2096
2110
2110
2121
2126
2121
2120
2122
2131
2133
2129
2129
2118
2119
2123
2123
2123
2112
2104
2096
2101
2099
2103
2099
2084
2105
2091
2094
2080
2077
2061
2072
2085
2086
2082
2080
2077
2086
2084
2088
2078
2088
2084
2070
2076
2063
2068
2062
2067
2066
2083
2073
2064
2056
2058
2064
2059
2053
2057
2065
2068
2057
2050
2045
2034
2066
2048
2048
2045
2037
2040
2042
2072
2072
2074
2060
2058
2056
2042
2053
2044
2042
2052
2045
2038
2035
2052
2043
2040
2025
2013
2008
2001
1995
1978
1970
1965
1954
1953
1947
1956
1929
1937
1926
1945
1944
1961
1957
1957
1962
1958
1952
1956
1947
1973
1965
1976
1970
1978
1980
1985
2004
1995
2024
2024
2028
2030
2005
2017
2029
2048
2048
2049
2057
2049
2061
2053
2082
2083
2077
2080
2080
2105
2108
2123
2124
2130
2137
2134
2149
2137
2144
2148
2146
2163
2152
2158
2153
2162
2142
2136
2137
2140
2147
2134
2116
2132
2121
2122
2098
2094
2089
2104
2089
2086
2080
2074
2058
2049
2048
2048
2032
2033
2014
2022
1999
1990
1981
1993
1988
1994
1995
1979
1976
2003
1984
1990
1976
1981
1969
1976
1974
1974
1989
1970
1964
1968
1976
1980
1972
1972
1970
1973
1983
1973
1992
1973
1990
1979
1990
1997
1993
1996
1984
2000
2014
2028
2031
2036
2051
2043
2066
2058
2067
2062
2057
2066
2077
2076
2080
2065
2083
2078
2086
2065
2068
2068
2077
2087
2085
2100
2091
2093
2092
2085
2097
2093
2088
2094
2093
2091
2096
2102
2129
2138
2145
2142
2131
2130
2124
2122
2129
2144
2144
2140
2123
2133
2121
2109
2112
2098
2115
2107
2128
2118
2102
2094
2092
2092
2093
2101
2081
2084
2078
2073
2077
2058
2067
2052
2070
2056
2052
2052
2044
2038
2048
2040
2037
2029
2031
2020
2020
2020
2033
2038
2033
2028
2029
2056
2066
2068
2083
2078
2098
2094
2099
2092
2083
2096
2102
2113
2115
2109
2104
2105
2101
2098
2109
2104
2117
2123
2140
2138
2118
2130
2118
2129
2133
2129
2128
2132
2133
2189
2180
2183
2176
2165
2152
2133
2128
2112
2099
2089
2056
2044
2021
2013
1990
1990
1978
1958
1955
1945
1960
1961
1976
1987
2009
2048
2084
2124
2139
2160
2185
2224
2257
2293
2304
2322
2329
2330
2349
2363
2365
2338
2334
2292
2289
2260
2252
2196
2166
2120
2088
2056
2013
1983
1918
1908
1867
1850
1789
1777
1747
1734
1725
1710
1702
1701
1723
1725
1752
1760
1778
1780
1786
1820
1833
1903
1948
2024
2044
2106
2105
2136
2138
2169
2163
2160
2179
2214
2259
2271
2298
2292
2302
2280
2278
2231
2201
2148
2099
2088
2084
2110
2101
2096
2070
2048
2029
1974
1937
1862
1842
1819
1845
1865
1888
1897
1909
1930
1952
1968
1954
1941
1933
1932
1927
1918
1921
1942
1991
2042
2070
2063
2022
1986
1932
1923
1921
1936
1944
1969
1982
1996
2024
2032
2049
2044
2054
2035
2031
2036
2028
2058
2074
2121
2142
2161
2158
2141
2121
2088
2076
2059
2056
2057
2061
2076
2066
2056
1998
1958
1905
1884
1878
1884
1904
1892
1877
1858
1875
1904
1930
1933
1910
1925
1933
1954
1969
1995
2040
2060
2109
2118
2121
2114
2104
2114
2120
2150
2157
2171
2171
2171
2188
2187
2189
2161
2148
2122
2104
2095
2081
2091
2077
2073
2036
2030
2031
2017
2009
1965
1949
1914
1924
1921
1938
1939
1938
1951
1970
1985
1999
1987
1985
1959
1980
1966
1994
1997
1998
2022
2060
2085
2099
2100
2083
2078
2084
2080
2102
2097
2110
2097
2098
2104
2112
2114
2101
2092
2062
2048
2027
2002
1987
1953
1946
1937
1942
1929
1900
1887
1870
1897
1898
1925
1922
1921
1931
1938
1984
2009
2045
2057
2086
2105
2117
2142
2152
2164
2187
2224
2281
2309
2336
2293
2279
2259
2277
2274
2268
2265
2244
2250
2235
2211
2170
2118
2093
2050
2037
2019
2004
1966
1941
1939
1920
1907
1872
1853
1854
1865
1867
1848
1852
1870
1904
1939
1954
1993
1994
2038
2051
2072
2077
2097
2118
2145
2180
2201
2192
2184
2158
2191
2185
2204
2186
2177
2155
2139
2126
2096
2085
2064
2057
2038
2025
1999
1978
1977
1969
1968
1987
1975
1992
1978
1977
1957
1963
1992
2012
2025
2026
2026
2043
2057
2075
2073
2069
2026
1990
1979
1966
1982
1959
1973
1960
1970
1984
1973
1965
1941
1922
1898
1875
1862
1848
1890
1928
1988
2024
2035
2026
2000
1986
1967
1969
1982
2006
2033
2056
2076
2091
2094
2091
2065
2051
2020
2009
1988
1980
1971
1957
1984
1990
2014
2000
1972
1947
1936
1961
1971
1999
1992
2018
2027
2044
2069
2085
2101
2108
2112
2114
2122
2149
2168
2200
2205
2228
2234
2226
2208
2189
2179
2176
2190
2186
2165
2158
2137
2144
2126
2115
2106
2085
2064
2011
1985
1964
1956
1956
1953
1953
1954
1957
1945
1928
1917
1891
1897
1878
1893
1907
1925
1921
1920
1942
1952
1985
1982
1986
1968
1967
1970
1976
2010
2029
2054
2062
2073
2101
2090
2090
2078
2072
2084
2098
2113
2099
2115
2110
2113
2114
2116
2101
2075
2044
2027
2006
2024
2011
2026
2011
2030
2033
2045
2054
2037
2021
2003
2005
2006
2009
2026
2028
2052
2070
2098
2108
2124
2143
2133
2129
2122
2132
2134
2161
2178
2186
2198
2200
2213
2197
2177
2153
2134
2127
2126
2120
2097
2064
2045
2029
2011
2001
1989
1979
1957
1960
1945
1926
1913
1912
1908
1899
1898
1896
1909
1937
1948
1939
1937
1945
1953
1966
1994
1990
2007
2006
2027
2037
2063
2090
2086
2097
2104
2132
2143
2140
2143
2131
2150
2163
2179
2193
2200
2202
2182
2208
2205
2224
2226
2228
2211
2174
2155
2125
2121
2112
2103
2101
2092
2093
2065
2030
1986
1949
1943
1938
1940
1923
1925
1930
1937
1965
1964
1968
1958
1953
1952
1948
1973
1970
1972
1965
1986
1996
2021
2032
2015
2016
1992
1985
1973
1961
1964
1968
1995
1993
1986
1971
1939
1929
1917
1937
1944
1968
1978
1974
1982
1969
1979
1976
1989
1993
2008
2046
2073
2099
2107
2110
2101
2104
2107
2102
2112
2093
2086
2097
2100
2130
2128
2134
2116
2100
2090
2077
2084
2074
2080
2072
2069
2076
2068
2072
2060
2072
2075
2080
2086
2073
2056
2024
2036
2056
2077
2085
2073
2072
2075
2090
2081
2058
2037
2022
2019
2001
1993
1997
2012
2021
2022
2005
1976
1945
1922
1904
1904
1881
1874
1868
1884
1900
1906
1931
1944
1958
1963
1968
1984
1977
1990
1989
2022
2073
2107
2138
2154
2186
2204
2216
2203
2185
2167
2162
2168
2168
2150
2145
2106
2106
2096
2106
2088
2075
2045
2013
1998
1973
1955
1958
1963
1987
1998
2008
2017
2018
2017
2012
2035
2041
2051
2038
2028
2036
2038
2074
2105
2145
2154
2169
2166
2155
2142
2105
2082
2073
2070
2088
2090
2114
2103
2106
2081
2088
2096
2126
2153
2157
2139
2120
2107
2129
2139
2168
2163
2163
2146
2146
2150
2144
2141
2118
2113
2094
2084
2056
2000
1984
1956
1961
1954
1939
1923
1900
1901
1891
1884
1878
1868
1857
1848
1866
1872
1886
1913
1937
1971
1987
2021
2030
2050
2061
2064
2069
2077
2088
2088
2091
2119
2125
2132
2129
2133
2130
2125
2117
2088
2064
2050
2030
2013
1997
1973
1971
1961
1969
1969
1982
1984
1984
1992
1978
1987
1962
1957
1949
1965
1993
2002
2014
2016
2021
2035
2041
2054
2029
2022
2018
2010
2027
2027
2053
2051
2067
2060
2065
2068
2056
2037
2032
2014
2004
1980
1973
1973
1985
1982
2002
2012
1987
1991
1956
1970
1966
1976
1985
1960
1964
1960
1980
1996
2008
2019
2014
2018
2009
2024
2038
2044
2045
2031
2044
2036
2063
2066
2076
2090
2098
2138
2148
2151
2147
2149
2164
2166
2171
2165
2169
2178
2177
2210
2206
2232
2205
2200
2184
2186
2179
2166
2140
2120
2091
2096
2080
2072
2044
2043
2021
2018
1995
1946
1921
1875
1880
1874
1891
1894
1883
1878
1861
1875
1872
1883
1884
1890
1900
1899
1926
1934
1961
1990
2008
2012
2016
2026
2012
2021
2048
2069
2082
2090
2098
2090
2088
2080
2076
2074
2097
2097
2116
2116
2139
2122
2114
2109
2104
2125
2109
2138
2132
2152
2145
2144
2145
2139
2148
2148
2164
2186
2187
2202
2169
2175
2159
2186
2198
2217
2227
2216
2214
2194
2185
2176
2163
2171
2161
2171
2146
2155
2129
2137
2134
2133
2141
2121
2115
2085
2072
2048
2058
2081
2108
2126
2115
2103
2070
2052
2032
2028
2054
2073
2095
2085
2092
2053
2037
2014
2004
2004
2033
2053
2070
2042
2038
2002
2012
1998
2021
2009
2011
2018
2011
2020
2019
2025
2018
2027
2037
2036
2030
2011
2010
2015
2033
2048
2043
2055
2049
2050
2022
2030
2021
2020
2028
2035
2060
2065
2073
2067
2066
2062
2045
2037
2030
2037
2049
2058
2075
2067
2061
2056
2052
2051
2036
2039
2027
2050
2036
2060
2052
2072
2071
2077
2072
2048
2033
2022
2013
2021
2014
2041
2060
2072
2062
2028
2021
1992
2000
1987
2018
2027
2049
2037
2027
2018
2018
2000
2014
2002
2017
2021
2041
2036
2030
2025
2025
2032
2037
2037
2053
2050
2064
2045
2062
2060
2078
2083
2092
2090
2075
2054
2051
2043
2078
2087
2107
2112
2115
2134
2128
2137
2102
2118
2097
2116
2114
2125
2123
2122
2124
2134
2133
2114
2086
2083
2068
2101
2113
2133
2123
2099
2073
2053
2033
2025
2038
2058
2085
2085
2068
2041
2015
1993
2005
2012
2029
2048
2065
2082
2071
2053
2024
2009
2013
2036
2043
2057
2050
2040
2029
2036
2043
2064
2088
2095
2107
2088
2068
2035
2015
2020
2037
2060
2086
2090
2080
2048
2015
1980
1985
1993
2024
2031
2041
2025
1998
1976
1963
1957
1971
1987
2004
2014
2006
1990
1966
1956
1965
1986
1987
1990
1981
1961
1945
1930
1941
1957
1977
1992
1990
1989
1982
1964
1946
1939
1966
1994
2014
2010
2012
1993
1996
1997
1998
2008
2022
2022
2034
2011
2009
1984
2004
1982
1990
1985
1988
1986
1980
1985
1988
1993
2005
2015
2015
2017
2014
2010
2006
2017
2016
2026
2033
2043
2046
2028
2025
2005
2003
2013
2027
2059
2057
2068
2045
2037
2041
2052
2080
2074
2090
2086
2107
2111
2100
2105
2073
2097
2092
2116
2098
2103
2078
2093
2091
2117
2122
2125
2121
2118
2123
2112
2120
2100
2108
2098
2110
2099
2114
2110
2112
2117
2110
2122
2114
2115
2088
2081
2081
2105
2120
2126
2137
2133
2148
2131
2150
2133
2170
2157
2186
2176
2174
2166
2146
2150
2141
2169
2155
2169
2164
2184
2181
2186
2191
2176
2176
2159
2173
2165
2170
2149
2152
2148
2162
2166
2150
2136
2116
2130
2121
2101
2080
2066
2076
2074
2100
2100
2110
2090
2067
2048
2037
2040
2025
2018
2016
2017
2021
2003
1997
1981
1995
2000
2009
2001
1981
1973
1965
1972
1974
1977
1968
1963
1952
1957
1965
1980
1995
2010
1997
1994
1968
1966
1950
1961
1961
1990
2005
2014
2013
2004
2010
2018
2045
2052
2038
2013
1988
1982
1976
1999
2019
2042
2056
2042
2035
2011
2002
1996
2013
2055
2065
2080
2053
2056
2035
2041
2049
2052
2075
2084
2093
2082
2065
2060
2044
2061
2049
2061
2050
2040
2043
2033
2052
2044
2055
2058
2072
2072
2056
2045
2008
2000
1989
1994
2000
2022
2034
2049
2041
2019
1992
1978
1969
1987
2006
2042
2042
2051
2036
2018
1990
1960
1976
1985
2019
2026
2024
2020
1999
1988
1979
1996
2013
2020
2035
2025
2036
2019
2041
2040
2044
2060
2048
2056
2034
2042
2029
2045
2049
2048
2051
2029
2027
2029
2042
2056
2056
2083
2073
2078
2062
2067
2072
2058
2073
2076
2085
2074
2056
2032
2004
2011
2014
2037
2054
2078
2090
2077
2065
2017
2004
1980
1988
1994
2020
2053
2051
2051
2024
2015
2011
2006
2009
2010
2017
2024
2015
2009
1991
1998
1974
2003
2004
2032
2025
2026
2016
2014
2015
2000
2002
2008
2018
2041
2029
2033
2012
2017
2013
2026
2028
2035
2044
2022
2025
2001
1989
1977
1977
1990
1998
2007
2000
1995
1986
1965
1960
1943
1945
1946
1950
1973
1976
1990
1990
1986
1988
1976
1978
1956
1965
1944
1956
1956
1972
1981
1973
1968
1945
1945
1949
1955
1966
1982
2007
2011
1997
1981
1958
1957
1946
1966
1966
1990
1995
1987
1979
1966
1973
1986
1978
1992
1971
1980
1956
1962
1946
1951
1964
1982
2013
2021
2035
2027
2021
2009
2003
2016
2020
2036
2025
2024
2012
1994
2008
2016
2038
2053
2062
2081
2072
2093
2077
2082
2058
2054
2072
2081
2113
2106
2107
2094
2102
2106
2121
2134
2123
2119
2114
2099
2104
2097
2108
2113
2139
2161
2186
2198
2186
2178
2150
2158
2161
2164
2164
2152
2164
2161
2169
2163
2155
2169
2150
2165
2150
2173
2179
2185
2180
2160
2152
2128
2117
2105
2096
2108
2117
2141
2159
2174
2174
2163
2160
2130
2118
2098
2100
2096
2092
2117
2128
2145
2153
2147
2145
2123
2107
2086
2075
2059
2050
2042
2037
2032
2033
2017
2017
2009
2015
2014
2011
2002
1997
1989
1976
1965
1963
1954
1966
1947
1954
1946
1965
1964
1985
1994
2000
1985
1960
1936
1929
1936
1953
1966
1978
1994
2010
2021
2004
2005
1974
1979
1969
1988
2008
2022
2030
2020
2017
2010
2005
2005
2001
2014
2029
2060
2058
2050
2033
2013
2010
2023
2036
2049
2037
2038
2019
2024
2010
2024
2028
2051
2074
2091
2088
2084
2057
2065
2067
2098
2098
2117
2094
2108
2097
2089
2075
2068
2080
2097
2104
2098
2077
2068
2052
2061
2059
2066
2072
2075
2073
2056
2045
2025
2034
2013
2021
2019
2005
1996
1975
1972
1972
1981
1996
1999
2021
2021
2024
2008
1992
1980
1969
1994
1986
1992
1977
1969
1973
1961
1964
1966
1985
1997
2008
2010
1990
1980
1965
1966
1985
1990
2026
2025
2041
2031
2019
2017
2004
2000
1992
1990
1972
1966
1961
1969
1990
2003
2018
2025
2025
2025
2011
2003
1987
1980
1988
1973
1985
1964
1955
1948
1958
1980
1986
1988
1981
1971
1952
1942
1957
1977
1997
2002
1999
2003
2002
2005
1996
2000
2009
2029
2035
2024
2017
2005
2000
1988
1998
1995
2025
2014
2008
2006
2014
2034
2037
2043
2041
2049
2059
2061
2073
2059
2065
2058
2054
2061
2053
2052
2044
2054
2059
2058
2067
2058
2069
2085
2082
2088
2065
2073
2062
2071
2062
2057
2065
2058
2074
2072
2069
2064
2056
2066
2064
2091
2080
2090
2081
2068
2062
2056
2051
2058
2056
2062
2066
2069
2054
2066
2060
2072
2076
2074
2078
2077
2110
2115
2128
2109
2102
2096
2108
2137
2126
2117
2100
2106
2125
2137
2142
2124
2117
2112
2122
2142
2141
2136
2122
2122
2125
2117
2107
2090
2097
2102
2101
2098
2093
2097
2109
2107
2104
2083
2074
2078
2094
2080
2081
2069
2065
2068
2073
2069
2056
2048
2043
2053
2051
2048
2043
2042
2049
2048
2044
2042
2041
2041
2046
2044
2036
2031
2017
2018
2011
2013
2013
2011
2020
2027
2017
2005
1986
1979
1974
1989
1996
1997
1995
1980
1985
1984
1985
1990
1971
1986
1986
2006
2009
1993
1982
1953
1972
1970
1987
1988
1978
1982
1976
1987
1968
1976
1960
1953
1950
1947
1972
1958
1964
1945
1952
1962
1961
1964
1953
1958
1961
1949
1950
1953
1976
1969
1988
1977
1973
1968
1953
1954
1945
1970
1987
2005
1998
1986
1987
1987
2010
2006
2013
1990
1987
2003
2008
2032
2009
2017
2010
2016
2020
2009
2022
2020
2045
2045
2051
2061
2052
2068
2050
2068
2065
2078
2075
2071
2074
2059
2073
2079
2089
2089
2081
2084
2073
2099
2086
2089
2081
2089
2100
2108
2117
2100
2105
2096
2101
2100
2096
2106
2109
2117
2118
2110
2124
2123
2129
2122
2130
2133
2140
2139
2120
2124
2111
2130
2122
2126
2121
2116
2121
2125
2129
2114
2123
2139
2147
2159
2147
2158
2136
2150
2132
2137
2139
2134
2152
2155
2148
2150
2147
2149
2130
2141
2130
2156
2154
2138
2130
2115
2130
2129
2130
2110
2101
2106
2098
2113
2113
2122
2110
2104
2105
2099
2106
2084
2085
2083
2102
2101
2086
2069
2050
2062
2064
2074
2076
2075
2093
2084
2093
2078
2075
2080
2078
2082
2056
2051
2059
2068
2077
2057
2056
2034
2061
2061
2066
2068
2062
2064
2057
2056
2054
2053
2053
2023
2030
2020
2042
2033
2035
2026
2018
2034
2033
2040
2036
2040
2043
2040
2066
2063
2065
2050
2042
2050
2045
2061
2051
2065
2066
2072
2082
2080
2078
2061
2064
2069
2080
2102
2094
2106
2083
2091
2075
2099
2108
2113
2098
2094
2092
2121
2120
2148
2126
2149
2140
2146
2141
2128
2137
2139
2156
2142
2133
2139
2125
2140
2134
2145
2141
2156
2161
2156
2155
2165
2174
2171
2159
2163
2149
2162
2158
2161
2168
2170
2176
2169
2171
2158
2162
2169
2162
2173
2160
2148
2136
2128
2141
2139
2148
2117
2108
2097
2101
2108
2100
2104
2085
2086
2093
2092
2085
2072
2078
2064
2064
2053
2039
2030
2030
2019
1996
1992
2009
2018
2022
2008
2001
1994
2008
2017
2008
1992
1967
1988
1988
1997
1978
1955
1965
1968
1980
1965
1954
1939
1936
1948
1948
1963
1950
1942
1934
1934
1950
1946
1947
1944
1949
1955
1957
1974
1956
1954
1935
1945
1945
1965
1971
1962
1958
1945
1953
1951
1938
1928
1916
1932
1946
1954
1940
1926
1946
1953
1944
1938
1931
1962
1958
1964
1939
1962
1968
1979
1973
1953
1964
1972
1995
1987
1980
1974
1978
1979
1978
1986
2001
2002
2004
1997
2003
2012
2021
2018
1998
2009
2024
2048
2052
2060
2066
2074
2061
2061
2059
2065
2074
2077
2065
2076
2073
2089
2102
2091
2097
2070
2072
2058
2075
2075
2094
2093
2083
2078
2084
2083
2081
2056
2062
2075
2094
2099
2086
2090
2081
2097
2086
2092
2080
2084
2098
2101
2099
2088
2081
2089
2097
2116
2105
2106
2100
2102
2114
2115
2125
2109
2142
2146
2164
2128
2117
2113
2116
2131
2138
2136
2124
2115
2117
2126
2151
2152
2144
2141
2142
2145
2145
2154
2142
2129
2126
2132
2142
2117
2091
2070
2081
2116
2128
2120
2085
2083
2117
2115
2131
2084
2077
2061
2082
2080
2076
2066
2063
2084
2104
2118
2106
2075
2068
2070
2094
2098
2101
2088
2082
2098
2092
2093
2067
2061
2062
2062
2061
2053
2069
2083
2098
2098
2095
2094
2089
2084
2082
2082
2074
2066
2081
2088
2094
2080
2058
2048
2041
2058
2054
2061
2060
2057
2066
2056
2064
2054
2041
2038
2030
2045
2034
2027
2008
2024
2051
2056
2053
2035
2025
2040
2043
2053
2034
2025
2026
2042
2066
2073
2067
2061
2040
2061
2052
2073
2066
2079
2084
2094
2112
2099
2106
2086
2094
2101
2100
2100
2086
2081
2082
2096
2113
2115
2122
2106
2112
2116
2121
2124
2107
2118
2108
2140
2133
2131
2117
2116
2130
2126
2109
2083
2074
2096
2115
2131
2115
2101
2091
2104
2115
2101
2106
2091
2098
2108
2110
2115
2095
2100
2096
2099
2094
2096
2114
2104
2114
2112
2131
2139
2129
2110
2082
2098
2100
2117
2110
2096
2093
2078
2084
2078
2081
2088
2069
2077
2061
2079
2054
2049
2013
2025
2030
2041
2026
2002
1990
1998
1998
1989
1987
1977
1975
1964
1966
1953
1956
1956
1955
1930
1920
1912
1916
1928
1918
1922
1911
1914
1911
1897
1887
1880
1877
1898
1912
1909
1883
1902
1874
1887
1882
1881
1891
1892
1888
1886
1888
1888
1870
1901
1901
1926
1901
1902
1884
1900
1894
1882
1888
1888
1894
1898
1895
1900
1902
1897
1893
1886
1900
1898
1910
1882
1878
1873
1882
1906
1893
1889
1878
1907
1913
1908
1904
1892
1898
1902
1915
1934
1946
1950
1931
1929
1925
1939
1949
1949
1948
1945
1964
1977
1986
1989
1984
1981
1982
2004
2019
2022
2025
2015
2008
2008
2024
2029
2019
2012
2010
2034
2059
2074
2071
2041
2048
2034
2057
2066
2084
2081
2065
2045
2043
2075
2099
2102
2096
2077
2090
2102
2122
2116
2110
2109
2109
2128
2120
2127
2109
2093
2094
2093
2109
2110
2128
2125
2131
2137
2138
2153
2160
2173
2166
2162
2173
2178
2182
2165
2154
2146
2147
2160
2132
2128
2110
2140
2150
2169
2160
2150
2145
2063
2068
2072
2069
2065
2067
2065
2069
2061
2069
2062
2071
2057
2058
2059
2054
2065
2059
2064
2057
2059
2058
2056
2059
2060
2068
2074
2080
2091
2088
2099
2090
2098
2093
2091
2100
2096
2105
2094
2104
2103
2100
2102
2110
2115
2120
2124
2116
2116
2108
2103
2099
2092
2104
2098
2105
2106
2095
2092
2089
2101
2088
2104
2102
2097
2107
2093
2100
2086
2087
2076
2075
2083
2078
2078
2066
2065
2063
2061
2066
2061
2063
2048
2041
2038
2027
2035
2019
2025
2011
2014
2013
2011
2012
1990
1992
1973
1978
1976
1963
1961
1949
1954
1950
1949
1957
1962
1965
1965
1977
1970
1979
1988
1990
1997
1997
2008
2000
2004
2004
2005
2013
1998
2011
1996
2011
2004
2008
2003
2001
2009
2010
2008
2011
1988
2002
1982
1999
1981
1982
1980
1976
2000
1990
2011
2006
2011
2011
2008
2021
2012
2023
2015
2018
2031
2027
2035
2035
2041
2050
2044
2054
2041
2056
2040
2045
2032
2026
2022
2012
2014
2006
2009
2017
2016
2027
2019
2021
2012
2012
2019
2014
2026
2018
2026
2025
2026
2034
2021
2030
2016
2022
2018
2018
2011
1998
2000
1997
2003
2008
2004
2014
2016
2021
2024
2030
2029
2030
2041
2033
2050
2051
2054
2059
2057
2058
2059
2066
2070
2064
2070
2067
2088
2074
2082
2065
2073
2064
2072
2076
2084
2079
2086
2075
2090
2080
2084
2078
2082
2093
2092
2094
2090
2080
2085
2075
2086
2078
2083
2075
2076
2070
2066
2062
2052
2057
2059
2062
2068
2057
2058
2042
2052
2051
2048
2040
2024
2029
2003
2017
2005
2010
1994
1990
1980
1972
1966
1964
1938
1956
1937
1962
1954
1966
1962
1961
1961
1961
1979
1981
1990
1992
1993
1992
1989
1989
1992
1989
1997
1986
2000
1992
1996
1995
1992
2012
2014
2037
2034
2043
2032
2034
2033
2037
2052
2053
2050
2054
2044
2053
2048
2058
2050
2051
2053
2060
2068
2060
2062
2059
2065
2068
2066
2068
2067
2064
2070
2069
2084
2069
2076
2064
2075
2073
2080
2073
2074
2076
2070
2074
2069
2063
2062
2053
2057
2052
2053
2050
2036
2042
2036
2046
2050
2050
2048
2039
2039
2027
2035
2028
2039
2041
2050
2051
2050
2042
2042
2042
2051
2045
2054
2041
2059
2049
2061
2051
2050
2050
2048
2050
2045
2043
2034
2022
2032
2017
2019
2003
2000
2002
2002
2003
2002
1990
1988
1986
1992
1984
1985
1973
1970
1969
1966
1978
1973
1981
1973
1970
1970
1963
1969
1964
1970
1956
1964
1968
1971
1971
1968
1970
1971
1977
1987
1982
1990
1986
1997
1997
1998
2001
1997
2005
2000
2000
1997
2000
1998
1992
2003
1996
2003
2001
1993
2000
2008
2010
2013
2019
2020
2014
2024
2021
2035
2033
2039
2038
2038
2040
2036
2042
2035
2035
2048
2037
2055
2039
2052
2038
2056
2041
2043
2035
2033
2028
2033
2034
2052
2050
2061
2054
2065
2052
2058
2051
2054
2056
2062
2070
2064
2066
2062
2058
2054
2042
2043
2044
2040
2049
2040
2049
2042
2042
2038
2030
2027
2027
2025
2027
2019
2024
2012
2024
2012
2025
2019
2022
2020
2024
2024
2026
2021
2030
2024
2036
2020
2039
2015
2039
2019
2028
2021
2030
2033
2043
2042
2044
2045
2049
2045
2050
2052
2064
2062
2059
2072
2063
2077
2060
2077
2060
2072
2073
2082
2079
2083
2086
2083
2080
2081
2068
2070
2068
2073
2074
2065
2066
2059
2067
2059
2069
2060
2064
2058
2053
2049
2053
2040
2049
2037
2050
2034
2042
2026
2025
2018
2024
2019
2019
2020
2011
2009
2012
2009
2003
2002
2004
2005
2009
2014
2001
2015
2006
2016
2005
2017
2013
2008
2018
2003
2016
2008
2010
2005
2002
2002
1994
1997
1982
1991
1988
1995
1993
1993
2001
2005
2004
2018
2010
2033
2020
2044
2032
2044
2052
2051
2060
2063
2068
2073
2067
2077
2061
2080
2061
2076
2065
2070
2069
2063
2061
2049
2042
2043
2027
2041
2027
2044
2033
2041
2030
2028
2028
2022
2032
2035
2034
2038
2032
2045
2039
2050
2036
2037
2032
2031
2022
2030
2018
2032
2022
2037
2024
2048
2029
2036
2028
2034
2041
2035
2042
2040
2033
2036
2028
2042
2038
2051
2052
2050
2059
2052
2060
2058
2060
2063
2065
2074
2065
2072
2060
2062
2067
2066
2060
2062
2057
2064
2051
2075
2053
2062
2052
2061
2065
2058
2065
2054
2062
2058
2074
2073
2077
2070
2064
2062
2064
2064
2061
2060
2062
2054
2058
2050
2041
2036
2024
2028
2021
2029
2019
2021
2011
2005
2005
2001
2001
2000
1988
1988
1974
1976
1967
1972
1965
1970
1968
1977
1978
1975
1974
1968
1977
1984
1985
1992
1994
2009
2005
2019
2018
2039
2051
2060
2074
2074
2084
2083
2084
2094
2090
2101
2097
2109
2105
2112
2109
2106
2112
2112
2116
2117
2100
2101
2083
2099
2086
2098
2096
2094
2096
2093
2107
2092
2105
2096
2097
2102
2099
2105
2093
2091
2092
2090
2101
2089
2093
2078
2074
2073
2064
2068
2048
2049
2035
2032
2033
2019
2022
2009
2014
2013
2017
2009
2003
2005
2002
2008
2010
2008
2013
2002
2010
2002
2008
2006
2009
2016
2003
2019
2011
2019
2019
2012
2026
2017
2030
2012
2017
2011
2008
2017
2014
2026
2037
2034
2037
2026
2038
2027
2036
2027
2033
2030
2034
2043
2033
2037
2048
2040
2054
2041
2057
2043
2049
2045
2050
2048
2056
2054
2061
2051
2057
2043
2064
2053
2070
2065
2075
2069
2077
2066
2068
2053
2067
2053
2065
2050
2065
2052
2057
2046
2043
2038
2036
2032
2030
2020
2022
2006
2010
1995
1999
1988
2001
1991
2001
2006
2013
2017
2016
2012
2017
2014
2027
2016
2025
2019
2025
2028
2034
2035
2030
2033
2036
2043
2034
2030
2032
2030
2038
2043
2053
2065
2060
2066
2054
2070
2065
2069
2064
2067
2069
2074
2076
2074
2062
2061
2038
2053
2034
2037
2032
2021
2030
2013
2033
2008
2024
2009
2021
2011
2017
2009
2016
2011
2019
2013
2032
2017
2042
2022
2042
2027
2033
2026
2022
2027
2025
2034
2031
2027
2032
2024
2030
2026
2039
2030
2017
2024
2025
2032
2023
2017
2020
2004
2002
1998
2013
2003
2009
2008
2008
2006
2000
1992
1978
1984
2006
1998
1997
1982
1985
1980
1989
1989
1982
1993
1988
2008
2017
2009
2000
1990
2005
2002
2012
1998
1984
1980
1988
2023
2018
2024
2009
2003
2005
1996
2011
2009
2018
2020
1996
2006
1996
2019
2026
2033
2030
2018
2025
2019
2024
2020
2021
2028
2029
2040
2026
2042
2034
2026
2040
2026
2037
2018
2017
2011
2013
2013
2011
2011
2001
2001
2027
2033
2043
2006
1999
1992
1993
2004
2009
2010
2006
2002
2005
1997
2010
2001
1987
1973
1984
2009
2013
2014
2022
2026
2053
2042
2050
2010
2008
2012
2027
2048
2034
2038
2019
2010
2016
2015
2056
2053
2076
2077
2069
2052
2018
2014
2012
2024
2036
2041
2057
2030
2030
2025
2048
2065
2056
2050
2016
2014
2013
2033
2022
2022
2025
2018
2035
2024
2025
2004
2003
2006
2006
2026
2014
2017
2000
1988
2001
2001
2012
2006
2006
1992
1981
1992
2002
2024
2018
2031
2028
1996
1977
1961
1988
1997
2027
2036
2038
2033
2033
2032
2027
2017
2004
1995
2000
2005
2042
2053
2052
2028
2038
2044
2060
2070
2054
2049
2033
2038
2040
2034
2050
2043
2059
2072
2080
2065
2048
2044
2028
2041
2035
2058
2082
2082
2085
2067
2063
2050
2059
2068
2059
2062
2065
2073
2070
2061
2066
2058
2072
2052
2052
2039
2058
2073
2075
2070
2037
2036
2034
2043
2034
2026
2049
2057
2085
2070
2069
2042
2036
2027
2028
2034
2034
2028
2043
2033
2057
2035
2048
2016
2034
2025
2019
2018
2010
2018
2001
2009
2018
2020
2041
2054
2058
2040
2029
2020
2008
2018
2009
2004
2012
1998
2022
2035
2074
2075
2069
2056
2032
2026
2004
2042
2036
2060
2058
2061
2053
2025
2010
2001
2008
2036
2058
2098
2073
2079
2040
2042
2008
2003
2003
2036
2065
2065
2049
2037
2017
2033
2026
2032
1997
2011
2012
2015
2018
2008
1993
1979
1993
2027
2032
2060
2030
2024
1980
1978
1989
2016
2042
2009
2005
1987
1997
2010
2017
2042
2050
2063
2053
2050
2035
1997
1994
2001
2040
2053
2053
2048
2022
2026
2035
2059
2067
2064
2069
2050
2045
2018
2015
1993
2016
2028
2044
2040
2033
2042
2048
2048
2070
2077
2094
2058
2041
2004
1985
1992
2024
2049
2056
2043
2045
2042
2075
2054
2026
1989
1989
2000
2026
2064
2057
2034
2014
1997
1993
1998
2022
2024
2033
2026
2006
2026
2029
2034
1999
2007
2005
2034
2048
2040
2011
1978
1996
2019
2035
2051
2037
2028
2003
2017
2017
2014
2020
2022
2029
2015
2026
2037
2042
2053
2042
2080
2062
2049
2006
2003
2005
2016
2045
2045
2058
2055
2040
2064
2056
2048
2009
1999
1999
2033
2069
2067
2052
2006
1996
2025
2036
2070
2096
2104
2066
2018
2011
1986
1988
2003
2056
2080
2096
2105
2075
2053
2027
2029
2019
2020
2058
2074
2110
2081
2048
2030
2019
2048
2049
2065
2077
2072
2054
2039
2045
2037
2042
2013
2016
2056
2094
2112
2082
2052
2028
2005
2027
2035
2056
2029
2027
2036
2075
2085
2068
2044
2021
2025
2043
2050
2037
2017
2026
2042
2056
2060
2029
2014
2010
2037
2050
2080
2076
2053
2025
2001
2005
2013
2036
2057
2057
2056
2043
2036
2044
2056
2038
2037
2041
2078
2115
2115
2090
2074
2020
2012
2021
2028
2039
2054
2072
2118
2142
2136
2076
2045
2016
2026
2029
2062
2081
2090
2080
2058
2050
2057
2072
2097
2081
2069
2033
2031
2016
2020
2018
2048
2084
2093
2100
2094
2064
2060
2036
2049
2030
2024
2037
2056
2081
2086
2064
2019
2011
2030
2056
2088
2066
2024
1984
1970
2000
2019
2050
2013
1970
1953
1995
2059
2113
2096
2041
1993
1992
1993
2020
1985
2011
2048
2086
2101
2072
2025
1996
2021
2042
2079
2075
2054
2045
2044
2052
2037
2043
2013
1985
1972
2026
2093
2133
2116
2074
2025
2011
2019
2044
2062
2071
2075
2065
2080
2097
2109
2062
2031
2002
2041
2100
2129
2109
2032
1987
1997
2060
2121
2125
2104
2048
2037
2038
2053
2060
2056
2090
2070
2069
2055
2052
2049
2033
2067
2036
2032
2060
2073
2073
2057
2069
2060
2074
2080
2048
2010
1979
2003
2024
2072
2111
2093
2072
2036
2043
2048
2058
2058
2040
2051
2055
2081
2061
2062
2065
2049
2068
2045
2045
2030
2053
2067
2069
2105
2094
2070
2036
2026
2052
2066
2089
2112
2096
2063
2024
2002
2001
2038
2076
2080
2075
2054
2062
2027
2034
2045
2053
2057
2075
2081
2090
2068
2050
2006
1993
2018
2045
2045
2037
2034
2052
2089
2076
2060
2027
2009
2016
2014
2019
2020
2029
2014
1990
1986
1986
1988
2002
2026
2036
2052
2040
2029
2029
2018
2011
2000
1994
2013
2018
2012
2037
2074
2090
2061
2013
1980
1978
2005
2048
2080
2064
2027
2012
2013
2057
2076
2087
2053
2026
2048
2043
2066
2009
1979
1972
2020
2102
2132
2093
2019
1998
2008
2044
2092
2070
2043
1980
1987
2028
2073
2063
2034
2019
2037
2082
2080
2051
2021
1994
2029
2079
2096
2038
2016
2001
2019
2066
2084
2066
2005
1993
2003
2030
2067
2076
2073
2077
2077
2056
2041
2068
2057
2024
2001
2041
2096
2101
2080
2049
2029
2067
2084
2082
2058
2022
1992
2013
2057
2093
2062
2036
2036
2042
2050
2033
2036
2040
2027
2027
2052
2041
2008
1964
1982
2019
2080
2097
2109
2080
2030
1988
1950
1974
1995
2013
2057
2067
2059
2024
2027
2021
2022
1999
2003
2041
2059
2061
2026
2004
1994
2032
2060
2082
2075
2049
2040
2062
2062
2027
1994
1985
2024
2059
2102
2068
2035
1979
1956
1998
2062
2108
2088
2059
2058
2053
2033
1984
1949
1950
1996
2032
2090
2093
2058
2041
2045
2048
2028
2003
1982
1992
2034
2040
2049
2048
2018
2012
2011
2039
2036
2028
2050
2070
2069
2033
2010
1981
2006
2051
2064
2076
2042
2051
2044
2068
2086
2097
2082
2052
2021
1980
1980
2008
2057
2097
2117
2114
2080
2063
2067
2062
2014
2027
2017
2026
2037
2048
2052
2043
2036
2026
2002
2016
2004
2035
2053
2075
2073
2064
2037
2019
2016
2013
2004
2040
2038
2072
2056
2067
2050
2041
2036
2020
2031
2032
2053
2060
2057
2065
2056
2075
2051
2051
2037
2036
2043
2044
2059
2059
2079
2058
2045
2052
2042
2068
2061
2065
2052
2050
2065
2058
2068
2056
2038
2058
2066
2083
2067
2082
2056
2057
2052
2045
2066
2072
2082
2081
2080
2079
2054
2062
2040
2062
2056
2065
2062
2069
2059
2034
2026
2022
2041
2061
2051
2040
2017
2009
2008
2016
2021
2016
2017
2012
2019
2024
2035
2044
2034
2037
2030
2044
2029
2000
2001
1998
2029
2055
2059
2045
2026
2046
2018
2027
2007
2016
2017
2038
2059
2053
2064
2060
2044
2026
2021
2021
2021
2028
2036
2057
2059
2052
2048
2045
2042
2044
2041
2051
2049
2051
2031
2013
2035
2033
2040
2043
2057
2067
2053
2035
2006
2010
2014
2036
2061
2084
2105
2107
2105
2078
2063
2066
2054
2060
2060
2083
2080
2090
2099
2076
2074
2058
2076
2073
2083
2077
2073
2070
2082
2062
2054
2032
2041
2043
2074
2063
2077
2076
2078
2070
2070
2066
2057
2056
2067
2061
2066
2061
2045
2048
2052
2060
2068
2091
2083
2084
2079
2073
2058
2032
2052
2070
2075
2090
2074
2075
2050
2041
2033
2022
2030
2021
2044
2063
2073
2059
2057
2048
2057
2059
2057
2043
2064
2045
2057
2056
2065
2065
2067
2075
2077
2075
2060
2056
2059
2054
2058
2046
2068
2066
2084
2088
2096
2086
2073
2075
2070
2084
2066
2072
2070
2069
2064
2070
2062
2061
2044
2065
2059
2072
2058
2052
2024
2006
2011
2006
2032
2030
2040
2066
2081
2088
2060
2053
2038
2037
2034
2028
2034
2040
2078
2057
2064
2037
2043
2049
2054
2065
2068
2069
2043
2015
2014
2011
2040
2033
2039
2035
2040
2038
2030
2033
2032
2032
2037
2025
2043
2031
2028
2022
2017
2019
2019
2037
2032
2039
2029
2018
2015
2006
1994
1972
1986
1990
2001
2007
2009
2025
2021
2022
2016
2018
2018
2004
2005
2004
2022
2035
2041
2025
2017
2020
2027
2025
2029
2020
2027
2016
2034
2042
2029
2049
2037
2056
2057
2080
2068
2071
2068
2054
2068
2077
2102
2097
2112
2104
2097
2096
2091
2094
2092
2082
2088
2088
2113
2117
2109
2115
2111
2104
2096
2094
2094
2082
2091
2061
2070
2054
2085
2074
2086
2084
2079
2085
2080
2081
2086
2085
2081
2072
2075
2060
2069
2073
2077
2090
2097
2099
2092
2089
2086
2077
2090
2066
2093
2097
2110
2085
2064
2068
2072
2082
2051
2040
2045
2074
2096
2083
2074
2052
2062
2059
2066
2061
2061
2053
2035
2051
2068
2068
2068
2057
2064
2057
2072
2068
2064
2074
2067
2075
2066
2065
2053
2060
2074
2068
2082
2065
2069
2063
2046
2033
2032
2052
2048
2053
2059
2060
2058
2040
2045
2053
2065
2057
2050
2057
2062
2068
2042
2041
2030
2027
2029
2029
2052
2059
2089
2077
2057
2044
2029
2033
2028
2042
2040
2042
2048
2041
2049
2042
2048
2036
2018
2026
2032
2051
2026
2015
1994
1994
2020
2019
2028
2022
2027
2028
2018
2015
2001
2011
2016
2023
2020
2005
2003
1996
2005
2016
2024
2027
2019
2035
2026
2026
2001
1989
1988
2009
2034
2040
2040
2027
2021
2028
2021
2024
2022
2020
2025
2027
2048
2056
2059
2057
2057
2077
2078
2082
2048
2049
2040
2057
2065
2062
2088
2094
2108
2094
2062
2061
2053
2064
2057
2065
2083
2100
2125
2105
2100
2070
2061
2061
2062
2068
2068
2077
2084
2094
2090
2078
2077
2056
2064
2066
2071
2066
2059
2056
2051
2067
2062
2062
2065
2043
2051
2025
2034
2026
2036
2027
2018
2035
2035
2057
2041
2030
2020
2011
2024
2020
2029
2024
2029
2030
2042
2056
2049
2031
2048
2026
2043
2038
2045
2015
2010
2019
2029
2050
2050
2067
2050
2050
2059
2049
2042
2032
2048
2058
2068
2070
2058
2051
2044
2059
2067
2064
2072
2064
2062
2063
2053
2061
2073
2082
2078
2077
2084
2081
2083
2072
2073
2062
2082
2085
2067
2060
2057
2059
2064
2061
2077
2070
2084
2073
2079
2061
2048
2050
2053
2065
2062
2072
2066
2065
2058
2054
2054
2051
2067
2079
2072
2077
2072
2067
2064
2052
2069
2054
2064
2066
2072
2058
2048
2045
2057
2065
2072
2064
2063
2050
2054
2041
2057
2052
2065
2076
2074
2066
2049
2049
2048
2037
2032
2024
2029
2038
2053
2051
2044
2041
2050
2062
2050
2050
2043
2034
2048
2044
2038
2040
2052
2035
2045
2053
2069
2081
2078
2077
2054
2055
2037
2043
2043
2043
2054
2042
2063
2054
2065
2050
2037
2038
2026
2038
2028
2035
2033
2042
2037
2045
2069
2049
2053
2027
2009
2016
2009
2024
2014
2029
2025
2027
2026
2017
2035
2032
2050
2035
2024
2017
2005
2006
1998
2024
2034
2052
2049
2035
2041
2029
2031
2022
2031
2037
2042
2052
2042
2033
2022
2022
2014
2013
2030
2021
2028
2029
2034
2032
2033
2024
2020
2029
2050
2052
2057
2044
2042
2030
2027
2034
2039
2052
2035
2041
2038
2041
2038
2027
2034
2034
2027
2041
2033
2030
2040
2048
2050
2052
2041
2037
2036
2044
2057
2052
2051
2058
2058
2064
2070
2070
2069
2056
2050
2043
2035
2032
2034
2025
2035
2036
2037
2046
2041
2041
2049
2044
2042
2036
2041
2041
2041
2041
2056
2065
2060
2057
2056
2058
2048
2041
2044
2044
2040
2044
2050
2050
2037
2033
2042
2043
2052
2040
2043
2060
2060
2074
2060
2045
2036
2040
2053
2052
2069
2064
2074
2076
2070
2074
2052
2044
2033
2034
2042
2041
2030
2013
2024
2036
2046
2062
2056
2061
2036
2029
2025
2032
2030
2031
2064
2060
2061
2034
2042
2025
2038
2033
2030
2020
2008
2013
2034
2045
2062
2057
2073
2045
2066
2028
2024
2015
2029
2045
2050
2066
2057
2052
2034
2025
2026
2018
2030
2025
2028
2018
2016
2021
2004
2018
2012
2035
2027
2038
2030
2032
2025
2008
2022
2014
2037
2043
2032
2042
2024
2052
2028
2038
2209
2220
2219
2214
2195
2180
2161
2144
2140
2122
2094
2089
2071
2040
2026
1977
1976
1960
1996
1960
1949
1925
1910
1915
1883
1892
1884
1890
1860
1855
1839
1836
1816
1777
1773
1744
1747
1764
1757
1762
1766
1790
1793
1795
1788
1749
1732
1741
1764
1770
1765
1761
1752
1792
1770
1754
1724
1724
1746
1784
1796
1794
1786
1728
1731
1773
1804
1816
1801
1802
1770
1823
1801
1820
1786
1791
1802
1833
1851
1826
1828
1819
1825
1857
1875
1897
1888
1892
1890
1904
1915
1932
1939
1924
1939
1942
1960
1968
1953
1988
1973
2018
2003
2001
2005
2005
2035
2044
2050
2050
2080
2093
2120
2133
2112
2129
2152
2149
2168
2192
2194
2192
2203
2220
2240
2272
2283
2334
2346
2401
2406
2438
2418
2456
2481
2505
2524
2542
2562
2592
2609
2642
2626
2648
2672
2726
2749
2788
2814
2848
2875
2921
2984
3011
3052
3080
3084
3124
3167
3192
3245
3254
3302
3369
3401
3411
3429
3426
3454
3517
3540
3552
3541
3490
3481
3484
3504
3433
3445
3436
3563
3565
3583
3458
3385
3338
3404
3364
3338
3184
3096
3049
3124
3139
3093
2927
2853
2853
2931
2946
2845
2611
2508
2474
2559
2552
2489
2276
2155
2106
2188
2203
2160
1992
1898
1869
1934
1921
1817
1640
1546
1557
1642
1628
1556
1422
1344
1363
1426
1460
1396
1284
1205
1203
1229
1214
1128
1060
1000
1034
1089
1109
1076
1024
970
966
1006
1042
1036
978
915
885
896
899
882
844
789
799
856
906
917
896
874
859
887
930
949
933
918
905
933
973
980
987
971
1004
1076
1142
1213
1211
1236
1235
1306
1365
1412
1440
1458
1497
1535
1624
1674
1723
1728
1801
1852
1914
1960
2009
2067
2092
2120
2132
2159
2170
2204
2204
2225
2230
2242
2258
2286
2340
2326
2324
2289
2288
2273
2298
2306
2305
2298
2288
2312
2322
2305
2301
2290
2285
2309
2369
2339
2314
2257
2249
2279
2322
2331
2296
2269
2245
2274
2276
2266
2246
2202
2217
2242
2276
2251
2226
2185
2172
2192
2192
2169
2120
2097
2101
2109
2110
2074
2072
2033
2042
2004
1997
1966
1937
1913
1913
1933
1925
1889
1854
1820
1822
1821
1842
1812
1808
1784
1786
1786
1756
1742
1709
1717
1700
1721
1700
1686
1685
1672
1693
1709
1738
1704
1736
1741
1736
1710
1684
1700
1701
1721
1707
1729
1731
1723
1729
1724
1745
1750
1778
1764
1800
1828
1846
1844
1805
1794
1795
1802
1805
1808
1794
1778
1810
1822
1797
1796
1768
1766
1772
1809
1808
1812
1794
1779
1807
1813
1838
1828
1824
1829
1873
1883
1906
1914
1904
1929
1968
1967
1952
1960
1970
1979
2022
2054
2065
2080
2074
2073
2078
2100
2090
2093
2115
2164
2171
2200
2192
2218
2188
2213
2213
2288
2296
2352
2348
2347
2372
2419
2434
2434
2433
2436
2458
2522
2557
2559
2573
2587
2600
2641
2684
2688
2681
2703
2750
2860
2908
2929
2895
2923
2965
3056
3092
3106
3124
3155
3254
3314
3344
3337
3324
3340
3429
3524
3593
3584
3578
3565
3596
3584
3594
3555
3520
3552
3560
3644
3625
3677
3599
3598
3530
3533
3485
3480
3435
3397
3317
3246
3178
3184
3171
3166
3074
3005
2957
2970
2936
2819
2676
2566
2507
2548
2508
2445
2299
2229
2155
2217
2213
2156
2025
1918
1904
1909
1873
1763
1624
1568
1574
1638
1602
1555
1451
1371
1356
1373
1404
1323
1272
1219
1232
1219
1184
1114
1043
1017
1027
1045
1038
998
973
922
939
954
985
989
953
920
848
808
793
793
796
788
795
786
809
814
810
778
774
822
850
888
873
842
810
811
854
886
936
968
989
1013
1032
1074
1092
1133
1166
1204
1260
1298
1366
1385
1422
1457
1524
1602
1675
1740
1758
1801
1837
1888
1949
2015
2084
2112
2129
2144
2143
2186
2201
2229
2235
2272
2320
2385
2422
2394
2380
2361
2382
2436
2477
2479
2430
2409
2412
2437
2459
2458
2472
2470
2515
2536
2515
2480
2443
2441
2427
2467
2501
2491
2446
2395
2386
2390
2401
2388
2340
2341
2335
2349
2328
2286
2255
2226
2232
2249
2270
2224
2171
2122
2106
2138
2155
2149
2102
2079
2068
2044
2038
2012
2010
1982
1964
1966
1977
1990
1940
1899
1862
1881
1918
1923
1892
1829
1811
1802
1837
1846
1824
1797
1774
1746
1725
1720
1695
1667
1666
1658
1700
1685
1678
1662
1644
1658
1645
1673
1673
1700
1672
1659
1678
1687
1659
1625
1617
1641
1678
1711
1684
1658
1647
1667
1654
1625
1635
1615
1664
1679
1685
1637
1632
1647
1654
1652
1669
1636
1685
1664
1703
1680
1659
1645
1691
1726
1741
1752
1724
1722
1742
1774
1805
1790
1791
1775
1774
1813
1848
1865
1857
1864
1880
1933
1955
1965
1966
1979
2032
2069
2097
2124
2112
2106
2138
2158
2197
2178
2212
2221
2300
2323
2350
2352
2364
2432
2480
2537
2536
2536
2520
2544
2590
2643
2665
2683
2680
2717
2794
2837
2825
2822
2823
2865
2966
3020
3052
3038
3041
3083
3144
3214
3230
3269
3234
3292
3341
3410
3390
3396
3400
3462
3560
3649
3652
3640
3638
3672
3746
3778
3740
3668
3667
3675
3761
3760
3766
3720
3760
3786
3813
3746
3633
3548
3546
3583
3600
3508
3368
3246
3267
3312
3327
3213
3084
2998
3008
3029
2976
2811
2654
2557
2588
2587
2553
2369
2219
2120
2173
2225
2210
2060
1929
1840
1886
1875
1781
1613
1508
1496
1546
1586
1519
1390
1277
1289
1348
1385
1321
1209
1138
1133
1180
1169
1104
1011
989
997
1051
1038
1029
960
931
922
942
946
924
882
851
838
839
837
821
804
788
788
789
806
803
795
802
815
845
853
864
847
828
792
782
820
853
898
912
941
964
1018
1048
1048
1054
1086
1146
1229
1280
1330
1325
1360
1419
1505
1579
1644
1706
1778
1852
1916
1957
2010
2045
2124
2182
2231
2276
2315
2346
2356
2379
2428
2449
2496
2519
2548
2539
2534
2541
2544
2568
2574
2585
2465
2476
2416
2307
2242
2262
2321
2308
2169
2024
1946
2013
2102
2109
1979
1782
1703
1762
1848
1843
1729
1590
1515
1555
1646
1665
1560
1435
1380
1427
1491
1490
1375
1246
1190
1275
1320
1327
1233
1150
1092
1107
1130
1105
1045
981
962
973
969
941
853
812
803
846
864
812
764
716
747
756
753
700
684
712
744
773
763
746
746
757
810
827
837
806
793
833
890
946
935
923
925
1011
1092
1122
1124
1116
1154
1221
1296
1338
1314
1300
1298
1378
1456
1535
1535
1509
1544
1626
1733
1757
1748
1742
1774
1862
1937
2002
2012
2016
2035
2094
2178
2232
2270
2273
2306
2363
2404
2458
2436
2442
2449
2485
2509
2505
2511
2521
2546
2564
2570
2581
2564
2580
2559
2560
2547
2524
2500
2478
2531
2553
2544
2482
2445
2454
2482
2517
2486
2463
2441
2446
2474
2477
2468
2454
2468
2454
2482
2507
2509
2505
2464
2451
2477
2467
2494
2481
2491
2490
2493
2483
2454
2446
2456
2478
2490
2492
2482
2452
2444
2465
2508
2523
2509
2496
2484
2528
2557
2582
2602
2628
2671
2713
2732
2748
2774
2795
2790
2824
2853
2898
2938
2969
2974
2958
2969
2973
3034
3080
3106
3075
2977
2900
2861
2907
2914
2893
2808
2728
2724
2779
2826
2768
2651
2496
2463
2521
2588
2545
2355
2160
2078
2200
2341
2363
2176
1949
1835
1928
2090
2127
1969
1731
1627
1704
1910
1967
1819
1603
1444
1544
1704
1840
1686
1519
1356
1405
1550
1629
1556
1386
1294
1308
1437
1505
1455
1352
1269
1289
1329
1377
1309
1228
1155
1174
1182
1176
1105
1052
1083
1102
1106
1004
939
884
954
970
961
852
790
773
838
889
841
742
652
661
783
882
889
762
689
693
827
924
920
824
776
842
1004
1129
1161
1086
1069
1138
1309
1427
1462
1389
1358
1438
1611
1738
1784
1718
1725
1825
1992
2105
2136
2092
2105
2180
2298
2368
2379
2332
2330
2377
2467
2515
2512
2477
2476
2506
2559
2562
2552
2531
2534
2559
2557
2539
2507
2505
2536
2556
2555
2505
2446
2433
2460
2492
2460
2368
2281
2251
2297
2320
2287
2194
2100
2084
2150
2210
2172
2036
1908
1853
1918
1980
1960
1809
1664
1616
1667
1727
1690
1579
1443
1411
1478
1560
1550
1438
1311
1258
1305
1377
1353
1223
1089
1052
1081
1122
1098
992
907
858
894
912
881
802
702
678
675
716
694
641
610
598
656
638
638
570
579
609
646
645
624
627
644
699
748
754
777
784
842
874
912
897
854
864
892
982
994
993
934
968
1017
1106
1144
1140
1105
1140
1184
1257
1280
1290
1266
1308
1381
1490
1554
1568
1553
1594
1709
1818
1889
1910
1916
1974
2042
2133
2180
2204
2257
2280
2373
2396
2463
2452
2464
2467
2520
2558
2541
2515
2500
2505
2508
2475
2449
2420
2430
2429
2417
2379
2316
2288
2253
2266
2251
2228
2178
2153
2161
2193
2208
2198
2157
2159
2160
2232
2227
2219
2197
2217
2273
2320
2355
2338
2333
2333
2352
2403
2406
2410
2393
2433
2482
2551
2540
2505
2480
2493
2547
2586
2577
2552
2525
2556
2592
2651
2661
2638
2594
2605
2648
2676
2670
2625
2575
2581
2636
2716
2692
2649
2594
2628
2673
2765
2773
2770
2732
2761
2794
2857
2844
2859
2824
2881
2932
3053
3036
3013
2979
3022
3100
3164
3169
3098
3008
2981
3017
3065
3075
3006
2932
2883
2939
3006
3020
2896
2750
2673
2685
2750
2760
2611
2436
2276
2329
2410
2505
2364
2165
1964
1974
2091
2193
2086
1857
1665
1669
1789
1926
1821
1649
1460
1515
1607
1752
1682
1515
1359
1325
1442
1528
1501
1336
1214
1209
1332
1422
1403
1268
1205
1211
1284
1305
1253
1162
1100
1129
1172
1176
1109
1004
998
1040
1134
1086
1014
902
940
1000
1062
997
885
819
832
921
962
907
809
767
838
940
1016
961
862
814
889
1028
1094
1046
964
958
1086
1227
1296
1256
1204
1253
1382
1537
1569
1535
1473
1516
1648
1798
1861
1819
1788
1854
1998
2150
2184
2162
2137
2221
2346
2442
2449
2409
2392
2428
2526
2590
2597
2565
2549
2595
2670
2710
2703
2651
2640
2666
2710
2698
2644
2597
2593
2637
2664
2654
2579
2547
2534
2559
2559
2505
2416
2336
2339
2379
2402
2353
2264
2202
2197
2240
2253
2180
2066
1973
1958
1976
1979
1914
1802
1718
1692
1724
1740
1683
1566
1473
1444
1477
1496
1448
1329
1254
1219
1255
1259
1222
1131
1062
1051
1075
1078
1046
971
939
925
979
973
961
906
883
865
885
880
859
833
830
840
865
856
852
845
835
843
837
813
784
798
812
836
857
864
873
907
944
981
974
963
963
1016
1064
1110
1115
1101
1120
1178
1258
1291
1317
1325
1357
1434
1509
1554
1572
1588
1634
1690
1789
1825
1868
1882
1932
2000
2090
2137
2154
2161
2189
2238
2308
2332
2353
2351
2384
2416
2465
2488
2476
2477
2457
2477
2488
2499
2472
2445
2437
2429
2446
2451
2437
2419
2422
2446
2447
2451
2430
2412
2405
2395
2387
2384
2380
2385
2389
2404
2387
2388
2373
2393
2409
2434
2436
2434
2444
2458
2512
2540
2538
2520
2501
2523
2551
2570
2559
2531
2510
2524
2577
2600
2612
2580
2573
2569
2592
2614
2602
2580
2566
2593
2630
2641
2653
2610
2614
2600
2633
2644
2660
2675
2671
2685
2691
2704
2732
2746
2782
2795
2825
2817
2832
2860
2907
2973
2984
3010
3011
3042
3102
3145
3166
3145
3150
3194
3274
3348
3344
3322
3264
3297
3310
3327
3259
3170
3124
3137
3184
3173
3124
3052
3025
3053
3061
3014
2878
2764
2723
2762
2766
2675
2539
2449
2486
2600
2621
2504
2301
2194
2256
2390
2462
2303
2093
1962
2056
2249
2316
2219
1968
1857
1913
2102
2183
2024
1788
1626
1707
1856
1956
1816
1595
1489
1538
1684
1731
1643
1455
1360
1374
1478
1501
1402
1251
1184
1227
1308
1289
1165
2055
2040
2049
2036
2050
2041
2052
2059
2051
2050
2054
2066
2085
2080
2083
2065
2078
2083
2092
2089
2080
2084
2078
2077
2064
2052
2046
2034
2040
2026
2025
2017
2013
2011
2001
2008
1994
2002
2000
1999
1997
1989
1995
1987
1998
2003
2006
2010
2000
2007
1996
1995
1985
1987
1997
1995
1995
1978
1984
1980
1989
1988
1986
1981
1976
1982
1987
1996
2003
1996
2000
1996
2019
2024
2030
2009
2009
2015
2024
2036
2033
2019
2013
2012
2032
2030
2029
2015
2012
2016
2021
2036
2024
2019
2008
2014
2021
2025
2042
2032
2044
2036
2053
2053
2048
2061
2037
2040
2032
2049
2048
2043
2048
2038
2056
2053
2064
2052
2048
2059
2058
2072
2056
2058
2052
2059
2066
2066
2069
2058
2051
2050
2042
2048
2036
2044
2032
2035
2041
2038
2038
2020
2037
2036
2043
2042
2033
2032
2020
2029
2025
2031
2026
2012
2033
2026
2042
2030
2030
2025
2025
2043
2048
2060
2051
2050
2059
2064
2078
2072
2067
2053
2048
2045
2050
2058
2043
2051
2037
2056
2067
2075
2084
2075
2083
2095
2099
2118
2101
2113
2107
2129
2120
2121
2112
2093
2114
2108
2114
2097
2084
2091
2086
2105
2091
2098
2089
2092
2105
2101
2093
2070
2064
2065
2062
2073
2052
2057
2042
2044
2042
2038
2045
2029
2033
2018
2022
2024
2014
2016
2002
2014
2016
2024
2018
2010
2001
1997
2011
2016
2006
2009
1997
2011
1997
2004
1995
1994
1995
1990
2004
2000
2002
1997
1999
2003
2009
2014
2010
2011
2011
2004
2003
1997
2004
2010
2012
2018
2007
2013
2010
2020
2020
2026
2028
2028
2036
2029
2031
2037
2042
2049
2051
2054
2053
2048
2050
2044
2048
2058
2061
2056
2051
2051
2057
2063
2061
2057
2051
2048
2049
2036
2040
2033
2033
2040
2026
2032
2012
2027
2018
2022
2020
2010
2014
2010
2006
2004
1993
2001
2008
2024
2011
2006
1989
1990
1992
1997
2004
1997
1992
2001
1973
2020
1962
1986
1987
1989
1997
1971
2004
1915
2001
1954
1976
1987
2026
1915
1972
2020
1960
2027
1993
2022
1964
2102
2013
2003
2059
1976
2035
2043
2091
1950
2089
1993
2040
2017
2043
2002
2003
2093
1946
2062
1968
2061
1970
2084
2001
2004
2056
2000
2050
2019
2060
2002
2010
2067
2005
2020
2021
2066
2018
2085
2013
2025
2043
2025
2070
2046
2069
1992
2072
2078
2040
2074
2058
2028
2074
2062
2077
2044
2082
2024
2075
2120
2033
2089
2025
2076
2035
2110
2078
2042
2081
1993
2088
2009
2099
1977
2098
1984
2038
2022
2001
2019
1976
2052
1974
2036
2008
1990
2007
1977
2019
1962
2038
1965
2008
1996
1986
1998
1996
2020
1966
2024
1972
2001
1990
2004
1977
1969
2011
1979
2011
1989
1998
1968
1993
1982
1981
1992
2000
1995
1988
1980
1987
1990
1982
1996
1990
2037
1994
2009
1994
2010
1989
2003
2024
2008
2017
2012
2024
2006
2010
2049
2011
2070
2025
2051
2019
2042
2033
2025
2066
2037
2072
2052
2094
2066
2054
2097
2059
2113
2094
2114
2089
2114
2107
2097
2117
2115
2108
2116
2114
2139
2091
2133
2078
2069
2088
2098
2092
2104
2090
2067
2070
2091
2076
2070
2063
2068
2059
2069
2085
2065
2075
2032
2057
2048
2078
2049
2054
2042
2032
2045
2049
2064
2021
2044
2042
2038
2045
2036
2022
2007
2011
2042
2035
2052
2030
2026
2053
2024
2061
2038
2060
2032
2049
2066
2059
2053
2044
2056
2058
2084
2081
2084
2072
2084
2074
2110
2098
2124
2101
2132
2112
2129
2140
2134
2132
2138
2141
2134
2142
2140
2142
2137
2145
2146
2158
2150
2143
2147
2140
2161
2157
2185
2156
2163
2154
2152
2168
2163
2176
2162
2169
2153
2155
2153
2132
2149
2122
2139
2124
2133
2134
2099
2102
2082
2104
2082
2075
2062
2041
2059
2048
2067
2028
2025
2009
2019
2026
2005
2009
1982
1992
1992
1997
1985
1972
1980
1980
1990
1974
1968
1968
1972
1989
1966
1977
1952
1965
1978
1988
1979
1962
1976
1968
1982
1974
2011
1997
1982
1994
1995
1972
2024
2020
2016
1978
2018
1965
2020
2017
2009
1960
1976
1973
1996
2033
1979
1918
1964
1997
1994
2025
1986
1902
1963
2011
1998
2015
1989
1942
1939
2030
2010
1994
1981
1936
1916
2003
1978
1980
1935
1939
1876
1958
1956
1913
1892
1859
1860
1886
1988
1876
1874
1827
1886
1872
1953
1889
1875
1898
1830
2033
1827
2002
1757
2014
1814
2017
1856
1966
1886
1854
1961
1858
2031
1873
2025
1859
1990
1893
2018
1944
2014
1970
2030
1989
1993
2019
1993
2016
2013
2086
2030
2098
2014
2058
2024
2105
2075
2137
2122
2066
2094
2098
2141
2097
2155
2093
2136
2158
2168
2160
2123
2154
2120
2211
2164
2194
2165
2169
2163
2152
2198
2158
2173
2164
2158
2161
2146
2165
2130
2162
2142
2163
2171
2161
2160
2154
2176
2154
2149
2156
2150
2181
2169
2179
2136
2156
2148
2178
2184
2170
2128
2164
2145
2204
2162
2195
2130
2189
2140
2218
2165
2211
2161
2211
2186
2226
2190
2222
2169
2197
2202
2216
2238
2178
2232
2149
2223
2184
2225
2186
2181
2192
2145
2193
2112
2184
2124
2158
2096
2128
2126
2114
2136
2101
2121
2099
2126
2137
2105
2092
2056
2108
2089
2115
2051
2057
2025
2059
2081
2066
2034
1995
2017
2039
2051
2035
2034
2014
2027
2026
2043
2024
2029
2021
2024
2011
2012
2022
2015
2010
1953
1969
1950
1986
1963
1963
1916
1914
1937
1939
1945
1908
1897
1922
1933
1958
1907
1923
1881
1932
1910
1949
1896
1902
1912
1923
1924
1902
1896
1898
1892
1900
1896
1907
1914
1906
1934
1915
1947
1946
1968
1966
1967
1987
1970
2020
1994
2036
2006
2034
2033
2026
2040
1998
2030
1994
2033
2022
2027
2027
2013
2049
2028
2058
2042
2059
2062
2072
2077
2054
2078
2066
2092
2080
2076
2072
2061
2073
2064
2059
2039
2043
2040
2051
2040
2045
2025
2029
2016
2053
2048
2053
2040
2050
2054
2068
2066
2062
2048
2082
2062
2073
2062
2068
2045
2056
2062
723
678
692
868
1115
1263
1281
1281
1401
1605
1775
1820
1750
1733
1805
1970
2074
2065
2027
2075
2290
2476
2515
2432
2347
2416
2559
2654
2612
2516
2474
2564
2712
2758
2686
2552
2494
2566
2683
2736
2661
2605
2593
2693
2780
2798
2772
2725
2741
2787
2815
2824
2841
2852
2874
2933
2920
2904
2894
2913
2917
2899
2861
2845
2913
2982
2980
2946
2866
2867
2860
2876
2805
2732
2662
2627
2637
2557
2430
2309
2261
2288
2305
2268
2159
2075
2048
2061
2016
1899
1764
1684
1680
1689
1641
1537
1427
1433
1492
1541
1473
1377
1300
1341
1426
1477
1444
1348
1298
1328
1390
1392
1334
1290
1322
1411
1496
1504
1470
1438
1457
1510
1526
1491
1433
1416
1425
1450
1418
1339
1267
1297
1360
1396
1378
1302
1300
1320
1378
1394
1374
1314
1289
1280
1336
1331
1287
1248
1277
1337
1400
1402
1386
1395
1432
1488
1535
1569
1568
1626
1608
1554
1555
1584
1665
1734
1750
1738
1723
1788
1845
1899
1851
1789
1759
1804
1900
1982
1938
1870
1862
1924
1985
2002
1973
1912
1945
2029
2125
2155
2164
2201
2268
2339
2370
2342
2280
2340
2443
2570
2573
2571
2609
2681
2810
2856
2856
2843
2922
3038
3146
3146
3093
3138
3278
3459
3582
3532
3517
3571
3754
3867
3938
3854
3821
3859
3962
4056
4069
4067
4065
4076
4080
4081
4080
4081
4081
4081
4081
4081
4081
4080
4081
4081
4080
4081
4080
4080
4081
4081
4080
4081
4080
4080
4080
4079
4080
3881
3528
3449
3565
3688
3570
3261
2971
2929
3136
3268
3083
2709
2476
2561
2850
2988
2783
2412
2229
2345
2492
2429
2064
1800
1794
2034
2198
2033
1667
1469
1565
1787
1838
1568
1284
1181
1360
1480
1348
1029
798
869
1052
1113
860
520
398
525
677
581
298
62
83
259
326
118
14
14
13
14
14
13
13
13
13
13
13
13
13
13
13
13
14
13
13
13
13
13
13
13
13
14
109
283
314
456
635
803
854
886
987
1203
1398
1457
1450
1496
1688
1906
2057
2043
2045
2130
2303
2443
2447
2354
2347
2508
2771
2930
2935
2810
2793
2899
3068
3117
3055
2985
2970
3083
3146
3179
3076
3018
3054
3146
3174
3124
3044
3026
3098
3167
3184
3160
3121
3160
3204
3217
3178
3118
3104
3106
3160
3149
3132
3101
3083
3074
3064
3061
3053
3098
3102
3078
3011
2892
2818
2771
2767
2707
2694
2678
2650
2597
2491
2396
2309
2254
2228
2160
2128
2059
2021
1929
1864
1743
1665
1602
1552
1482
1374
1291
1245
1252
1265
1229
1196
1134
1107
1101
1076
1059
1025
1034
1020
1026
984
978
963
961
963
996
1062
1132
1195
1166
1096
1041
1043
1130
1185
1221
1220
1203
1252
1282
1334
1291
1272
1261
1269
1299
1288
1227
1200
1224
1293
1344
1339
1290
1289
1301
1390
1418
1449
1401
1386
1419
1436
1470
1454
1468
1489
1570
1655
1669
1678
1680
1697
1715
1732
1744
1760
1791
1785
1806
1853
1872
1925
1917
1915
1902
1936
1938
1955
1933
1918
1904
1935
1953
1930
1879
1849
1924
2081
2198
2178
2142
2103
2160
2282
2363
2287
2253
2251
2357
2491
2559
2500
2435
2478
2589
2677
2711
2604
2601
2706
2844
2956
2933
2858
2850
2939
3046
3110
3061
3012
3080
3227
3358
3413
3374
3332
3400
3548
3617
3643
3604
3577
3633
3733
3851
3893
3896
3906
3990
4074
4079
4081
4081
4080
4080
4081
4080
4080
4075
3866
3906
3959
3963
3826
3688
3709
3829
3928
3750
3459
3307
3390
3583
3593
3309
2866
2645
2845
3125
3156
2811
2451
2392
2700
2953
2838
2411
2053
2147
2433
2546
2278
1867
1724
1936
2245
2215
1840
1513
1485
1754
1923
1747
1396
1219
1398
1651
1649
1316
954
904
1102
1260
1076
738
557
705
900
866
539
221
220
420
518
331
21
13
14
21
197
20
13
13
13
13
13
13
13
13
13
13
13
13
13
13
14
13
13
13
14
13
13
13
13
13
14
228
412
394
433
627
859
972
973
1000
1178
1448
1623
1672
1624
1654
1811
1985
2068
1977
1954
2044
2326
2516
2559
2460
2436
2538
2721
2789
2740
2632
2643
2728
2865
2878
2798
2712
2728
2810
2897
2904
2867
2846
2915
3001
3053
3019
2954
2960
2992
3033
3057
3056
3042
3080
3115
3124
3125
3104
3114
3178
3173
3131
3058
3058
3078
3144
3145
3083
3042
3027
3051
3062
3006
2875
2750
2700
2717
2728
2626
2489
2377
2340
2392
2403
2293
2131
1999
1969
1969
1937
1809
1696
1618
1649
1637
1548
1348
1205
1173
1218
1213
1146
1051
1068
1131
1205
1155
1062
999
1055
1082
1018
890
797
828
944
1003
963
869
887
995
1146
1149
1074
973
971
1057
1104
1036
914
853
899
993
1044
933
844
834
949
1027
1024
956
953
948
979
980
954
886
916
979
1051
1054
1089
1105
1126
1163
1192
1217
1254
1306
1382
1368
1339
1348
1443
1534
1591
1616
1593
1637
1650
1679
1669
1627
1661
1698
1798
1862
1849
1843
1835
1934
1985
2088
2073
2064
2105
2210
2268
2251
2218
2249
2313
2404
2436
2488
2449
2509
2579
2658
2659
2697
2736
2798
2892
2920
2880
2878
2945
3104
3192
3203
3154
3147
3163
3242
3310
3305
3340
3372
3469
3506
3523
3528
3592
3697
3775
3808
3798
3801
3864
3861
3885
3873
3876
4004
4070
4078
4080
4080
4080
4081
4081
4080
4081
4080
4080
4081
4080
4080
4036
3830
3837
3901
3805
3626
3558
3580
3683
3677
3476
3217
3116
3149
3258
3102
2843
2485
2456
2690
2890
2817
2446
2143
2186
2361
2501
2309
1970
1814
1965
2177
2169
1865
1551
1475
1666
1829
1686
1379
1147
1216
1451
1505
1345
1105
1044
1214
1320
1192
857
646
712
934
1045
814
511
384
504
633
552
301
98
137
304
377
181
16
13
13
14
14
14
13
13
13
13
13
13
13
13
13
13
1891
1916
1912
1917
1916
1882
1877
1892
1894
1915
1921
1905
1875
1886
1906
1914
1902
1873
1841
1850
1832
1851
1828
1832
1816
1795
1788
1780
1782
1766
1729
1723
1725
1746
1778
1776
1786
1756
1749
1753
1760
1768
1766
1766
1731
1733
1738
1728
1760
1754
1754
1750
1770
1744
1758
1747
1737
1749
1751
1774
1774
1768
1768
1763
1788
1802
1791
1802
1754
1762
1758
1778
1774
1791
1769
1738
1734
1705
1702
1678
1651
1617
1584
1589
1572
1583
1538
1512
1501
1458
1469
1435
1452
1404
1403
1405
1426
1457
1446
1448
1434
1434
1458
1461
1492
1470
1477
1491
1512
1522
1502
1498
1482
1512
1515
1568
1585
1580
1588
1603
1668
1692
1746
1789
1784
1827
1829
1870
1866
1874
1882
1894
1947
1966
1975
1993
2001
2032
2050
2051
2049
2052
2053
2091
2105
2117
2130
2117
2131
2128
2124
2109
2137
2164
2155
2148
2126
2132
2168
2192
2220
2198
2226
2202
2229
2226
2238
2252
2266
2271
2269
2281
2248
2240
2232
2226
2233
2235
2244
2223
2234
2253
2241
2255
2254
2270
2278
2256
2260
2243
2236
2197
2181
2212
2197
2202
2151
2118
2099
2081
2090
2067
2070
2025
2013
1982
1989
1981
1964
1945
1947
1926
1907
1872
1846
1802
1801
1781
1787
1790
1762
1731
1692
1701
1678
1672
1662
1661
1665
1645
1635
1613
1614
1619
1632
1620
1605
1610
1594
1595
1590
1617
1627
1642
1675
1685
1715
1730
1729
1739
1744
1758
1745
1769
1749
1760
1762
1772
1777
1796
1817
1825
1827
1830
1832
1851
1872
1913
1913
1929
1930
1956
1971
1970
1989
1970
2021
2028
2058
2069
2075
2102
2117
2156
2147
2173
2186
2190
2214
2221
2260
2277
2307
2311
2328
2333
2329
2348
2341
2366
2371
2351
2356
2350
2350
2349
2361
2366
2371
2398
2398
2406
2411
2405
2403
2389
2410
2405
2425
2418
2406
2398
2382
2396
2386
2387
2374
2361
2349
2340
2348
2325
2313
2298
2290
2272
2246
2234
2210
2214
2196
2176
2177
2163
2187
2163
2147
2144
2142
2139
2119
2141
2152
2148
2150
2136
2131
2120
2126
2101
2105
2096
2089
2101
2099
2105
2106
2085
2094
2100
2124
2103
2089
2062
2081
2103
2109
2128
2116
2134
2129
2133
2131
2136
2136
2118
2114
2134
2127
2107
2081
2077
2064
2096
2094
2106
2109
2081
2076
2072
2054
2038
2027
2042
2029
2056
2058
2074
2070
2073
2058
2058
2084
2089
2108
2115
2123
2150
2146
2179
2176
2180
2210
2212
2236
2240
2264
2269
2284
2294
2315
2349
2381
2378
2371
2378
2386
2389
2396
2395
2412
2428
2452
2464
2445
2443
2426
2450
2477
2464
2478
2459
2457
2442
2433
2446
2452
2434
2401
2404
2408
2391
2373
2345
2324
2324
2316
2322
2313
2291
2254
2249
2236
2245
2210
2194
2196
2204
2211
2196
2179
2141
2119
2144
2136
2118
2117
2083
2065
2041
2040
2005
2004
1970
1968
1969
1952
1917
1892
1861
1843
1854
1876
1838
1851
1821
1832
1814
1830
1810
1821
1817
1822
1800
1788
1771
1757
1740
1732
1729
1744
1729
1709
1702
1685
1695
1693
1693
1710
1717
1718
1713
1708
1672
1683
1689
1693
1706
1696
1714
1702
1700
1708
1713
1741
1755
1777
1808
1797
1822
1862
1893
1887
1897
1914
1937
1963
1987
1987
1994
1994
1988
1987
1985
1984
1960
1981
1980
2001
2029
2045
2030
2041
2041
2065
2057
2052
2069
2092
2101
2105
2099
2112
2101
2102
2107
2112
2110
2110
2137
2138
2150
2141
2137
2140
2150
2145
2145
2133
2131
2152
2173
2196
2190
2173
2209
2203
2251
2253
2235
2242
2245
2261
2251
2258
2258
2238
2252
2256
2256
2246
2238
2209
2203
2206
2182
2192
2180
2178
2172
2165
2186
2156
2177
2144
2138
2132
2116
2107
2102
2068
2053
2017
2017
2004
2013
1964
1963
1934
1925
1924
1928
1924
1910
1899
1893
1906
1913
1924
1926
1920
1912
1914
1925
1900
1881
1894
1868
1902
1890
1873
1860
1858
1864
1826
1846
1819
1845
1852
1830
1838
1858
1872
1859
1846
1840
1812
1819
1794
1791
1779
1778
1778
1791
1762
1730
1750
1763
1748
1737
1728
1726
1690
1693
1705
1699
1729
1713
1736
1730
1756
1740
1743
1748
1778
1816
1818
1832
1837
1819
1826
1832
1858
1869
1890
1892
1905
1957
1977
1998
2011
2061
2098
2125
2163
2155
2163
2142
2178
2219
2246
2307
2321
2329
2312
2331
2340
2372
2357
2341
2350
2370
2377
2385
2380
2393
2379
2410
2409
2443
2447
2450
2434
2432
2445
2477
2492
2492
2446
2468
2466
2486
2461
2469
2467
2460
2492
2502
2501
2497
2509
2518
2521
2547
2514
2526
2510
2528
2543
2559
2561
2531
2524
2506
2512
2525
2526
2550
2516
2528
2514
2510
2502
2486
2459
2429
2414
2396
2362
2336
2303
2293
2270
2269
2253
2253
2232
2214
2196
2187
2197
2182
2156
2130
2090
2101
2071
2072
2031
2027
2018
2009
2028
1996
2008
1980
1978
2017
2026
2045
2024
2025
2017
2059
2105
2073
2097
2070
2082
2105
2136
2124
2116
2121
2130
2160
2182
2182
2201
2212
2244
2237
2264
2258
2232
2245
2235
2254
2243
2242
2227
2193
2196
2192
2204
2203
2189
2212
2208
2232
2241
2258
2256
2253
2275
2297
2317
2325
2348
2358
2350
2326
2336
2366
2370
2409
2404
2402
2411
2422
2434
2454
2457
2475
2474
2490
2496
2520
2516
2522
2497
2502
2488
2531
2545
2546
2529
2501
2502
2486
2502
2506
2496
2489
2494
2483
2482
2478
2469
2440
2453
2441
2433
2424
2405
2350
2352
2353
2346
2331
2302
2292
2289
2300
2296
2284
2270
2264
2277
2268
2261
2254
2252
2234
2225
2213
2208
2213
2194
2154
2141
2152
2190
2158
2148
2113
2104
2097
2129
2098
2059
2052
2037
2051
2075
2084
2030
1988
1993
1999
2005
1995
1963
1928
1934
1926
1937
1949
1914
1897
1873
1861
1890
1893
1878
1827
1809
1804
1800
1792
1771
1750
1728
1723
1721
1718
1710
1680
1698
1711
1738
1736
1713
1713
1699
1710
1729
1748
1732
1738
1749
1769
1804
1800
1982
2010
2012
2009
2024
2027
2049
2054
2071
2077
2094
2116
2122
2134
2118
2126
2118
2134
2157
2171
2194
2189
2198
2190
2200
2212
2210
2218
2220
2234
2240
2256
2260
2256
2264
2258
2275
2283
2289
2292
2289
2293
2283
2297
2284
2286
2275
2261
2258
2242
2240
2227
2212
2211
2197
2212
2202
2208
2189
2185
2179
2169
2173
2164
2164
2155
2150
2150
2136
2140
2125
2124
2123
2113
2118
2097
2101
2072
2054
2030
2018
2017
2009
2015
1993
1985
1967
1958
1965
1947
1948
1925
1913
1911
1896
1901
1877
1877
1868
1875
1884
1876
1877
1867
1875
1870
1876
1877
1858
1864
1851
1867
1865
1866
1867
1857
1866
1861
1876
1876
1869
1874
1856
1870
1857
1876
1873
1877
1881
1881
1902
1908
1916
1921
1916
1928
1923
1944
1946
1960
1975
1978
1994
1980
1993
1994
2001
2014
2015
2024
2018
2030
2028
2033
2049
2049
2069
2064
2073
2068
2067
2088
2082
2106
2088
2094
2090
2102
2122
2131
2154
2147
2155
2142
2141
2149
2131
2128
2112
2115
2116
2123
2128
2116
2118
2110
2123
2128
2135
2137
2129
2129
2129
2134
2141
2138
2146
2141
2156
2162
2176
2177
2176
2180
2183
2201
2201
2209
2211
2204
2204
2190
2206
2197
2196
2184
2168
2168
2155
2162
2139
2123
2100
2089
2088
2073
2071
2054
2038
2034
2020
2035
2016
2024
1997
2005
2003
2009
2025
2016
2021
2009
2004
2008
1995
2001
1982
1970
1961
1957
1956
1937
1940
1909
1905
1896
1888
1888
1861
1858
1840
1829
1828
1817
1814
1793
1797
1788
1803
1810
1803
1804
1796
1812
1817
1821
1830
1816
1822
1811
1828
1833
1841
1848
1843
1849
1851
1868
1869
1868
1870
1859
1860
1856
1857
1857
1845
1864
1861
1886
1888
1904
1907
1921
1942
1958
1981
2003
2001
2013
2015
2050
2054
2078
2079
2088
2100
2109
2133
2134
2153
2144
2153
2165
2171
2184
2181
2184
2196
2182
2209
2197
2216
2209
2217
2216
2219
2233
2235
2237
2234
2234
2244
2249
2272
2259
2275
2259
2273
2275
2282
2289
2281
2275
2259
2262
2268
2257
2257
2225
2224
2205
2205
2196
2194
2194
2177
2192
2193
2189
2194
2169
2170
2150
2164
2164
2157
2152
2137
2143
2136
2141
2138
2122
2115
2096
2092
2081
2076
2060
2036
2024
2000
2005
1994
1996
1984
1954
1948
1913
1920
1890
1896
1881
1872
1869
1858
1859
1841
1838
1841
1840
1859
1841
1846
1825
1817
1810
1812
1824
1823
1834
1830
1830
1834
1828
1829
1821
1830
1829
1833
1851
1846
1867
1846
1848
1845
1849
1867
1870
1889
1881
1897
1898
1901
1917
1924
1946
1964
1986
1998
2001
2004
2001
2002
2009
2012
2019
2008
2018
2005
2017
2016
2026
2031
2025
2026
2024
2026
2040
2029
2033
2018
2021
2011
2020
2028
2036
2049
2045
2064
2057
2061
2058
2060
2068
2064
2080
2072
2069
2069
2069
2082
2083
2099
2096
2110
2120
2121
2133
2122
2133
2126
2130
2145
2145
2158
2164
2180
2186
2194
2202
2197
2222
2221
2245
2251
2246
2247
2229
2243
2230
2247
2226
2218
2197
2176
2174
2142
2142
2118
2110
2101
2090
2090
2057
2043
2006
1997
1985
1980
1985
1962
1972
1952
1977
1976
1990
1994
1982
1996
1997
2012
2006
1994
1985
1966
1978
1972
1984
1981
1965
1965
1942
1946
1932
1915
1898
1870
1869
1849
1844
1820
1806
1803
1801
1811
1803
1808
1793
1785
1785
1779
1784
1768
1767
1756
1748
1769
1766
1791
1786
1797
1789
1796
1813
1826
1844
1853
1857
1857
1848
1860
1841
1853
1846
1857
1873
1874
1888
1874
1894
1902
1935
1963
1986
2011
2006
2024
2026
2035
2056
2054
2078
2077
2105
2116
2134
2144
2142
2158
2160
2173
2184
2185
2184
2169
2177
2179
2186
2201
2193
2209
2203
2219
2226
2220
2236
2219
2238
2230
2262
2265
2265
2274
2271
2293
2286
2317
2312
2324
2319
2314
2314
2299
2297
2287
2276
2272
2258
2260
2244
2242
2236
2214
2213
2189
2197
2179
2173
2166
2157
2169
2150
2158
2134
2136
2133
2134
2148
2126
2125
2101
2096
2086
2089
2097
2076
2078
2044
2035
2013
1993
1985
1961
1958
1946
1935
1930
1914
1914
1898
1913
1898
1910
1901
1889
1885
1872
1880
1873
1877
1878
1875
1886
1886
1894
1880
1874
1866
1857
1872
1865
1872
1856
1854
1853
1858
1862
1858
1866
1856
1860
1854
1851
1853
1833
1839
1836
1846
1869
1865
1886
1880
1908
1914
1932
1948
1955
1968
1974
1997
2011
2023
2037
2034
2053
2064
2078
2098
2098
2116
2098
2113
2112
2123
2126
2124
2131
2119
2126
2112
2103
2100
2088
2092
2085
2090
2085
2072
2075
2059
2074
2082
2100
2099
2102
2110
2099
2129
2120
2144
2138
2145
2157
2166
2181
2182
2185
2188
2195
2212
2226
2242
2240
2241
2247
2249
2262
2256
2252
2247
2244
2254
2246
2243
2234
2217
2213
2203
2209
2190
2184
2162
2154
2147
2144
2138
2125
2109
2105
2090
2093
2078
2078
2063
2048
2044
2025
2022
2001
2005
1998
2008
2008
1997
1996
1980
1987
1988
1994
1996
1985
1971
1956
1954
1954
1949
1955
1944
1950
1937
1932
1910
1889
1885
1861
1861
1846
1836
1816
1797
1798
1785
1792
1780
1781
1774
1764
1769
1750
1749
1734
1724
1722
1715
1734
1730
1744
1733
1734
1733
1742
1750
1753
1758
1755
1761
1770
1771
1782
1764
1769
1762
1776
1790
1800
1810
1812
1832
1852
1880
1899
1913
1937
1949
1980
1999
2018
2033
2029
2057
2058
2089
2098
2115
2120
2128
2144
2154
2171
2180
2178
2182
2176
2191
2187
2193
2190
2192
2201
2202
2222
2219
2226
2221
2223
2233
2235
2267
2259
2277
2276
2277
2296
2292
2310
2292
2309
2305
2309
2306
2289
2287
2257
2254
2243
2228
2224
2194
2201
2177
2178
2163
2142
2139
2114
2114
2105
2102
2101
2086
2084
2062
2066
2064
2071
2082
2075
2078
2080
2082
2093
2092
2099
2091
2100
2091
2092
2082
2065
2059
2038
2037
2025
2010
2011
1988
1995
1964
1966
1946
1941
1934
1937
1929
1946
1949
1967
1977
1974
1987
1982
1997
1996
2003
2005
2006
2024
2008
2027
2017
2034
2033
2032
2041
2034
2048
2042
2051
2061
2062
2072
2074
2072
2073
2067
2079
2073
2096
2094
2104
2096
2095
2088
2084
2084
2080
2078
2078
2083
2079
2072
2067
2056
2064
2056
2057
2040
2027
2020
2006
2003
1992
1985
1982
1966
1970
1965
1980
1984
1985
1986
1986
1981
1985
1977
1969
1963
1948
1940
1940
1930
1920
1910
1906
1904
1904
1906
1909
1911
1920
1917
1925
1920
1932
1917
1924
1914
1913
1905
1900
1908
1906
1917
1916
1925
1928
1930
1933
1945
1953
1963
1969
1976
1985
1991
1997
2006
1998
2002
2001
2002
2016
2020
2022
2025
2025
2035
2032
2042
2036
2049
2053
2061
2073
2077
2085
2096
2092
2089
2091
2081
2085
2084
2098
2100
2121
2121
2134
2125
2139
2132
2144
2139
2137
2140
2134
2144
2137
2138
2144
2145
2158
2148
2171
2144
2169
2148
2153
2148
2142
2140
2141
2156
2152
2161
2152
2162
2153
2160
2148
2147
2146
2142
2146
2144
2146
2140
2141
2133
2154
2140
2149
2136
2131
2128
2125
2134
2131
2153
2142
2163
2152
2163
2148
2136
2124
2108
2116
2096
2110
2090
2105
2093
2100
2093
2098
2104
2097
2102
2092
2099
2090
2094
2088
2076
2074
2067
2077
2065
2072
2045
2024
2024
2010
2009
2010
2015
2019
2025
1953
1976
1909
2059
1883
2021
1915
1995
1999
1920
1986
1926
1923
1957
1995
2043
1949
1942
1712
1910
1933
1902
1922
1852
1978
1912
1923
1965
1910
1886
1934
2015
2037
1956
1914
1864
1873
1949
1981
1945
1955
1907
1917
1913
1921
1918
1918
1916
1917
1949
1953
1930
1936
1924
1962
1936
1996
1934
1925
1899
1898
1935
1938
1957
1930
1941
1944
1934
1944
1931
1940
1932
1962
1980
1971
1962
1941
1956
1969
1990
1997
2012
2012
2011
2035
2012
2019
2018
2018
2033
2013
2028
2020
2035
2013
2038
2038
2063
2077
2066
2072
2050
2062
2044
2058
2056
2050
2056
2046
2060
2049
2056
2052
2060
2109
2099
2119
2101
2093
2080
2079
2102
2125
2150
2138
2156
2149
2148
2146
2125
2131
2129
2169
2169
2190
2176
2170
2173
2171
2203
2193
2212
2218
2176
2181
2153
2125
2104
2124
2088
2096
2125
2156
2165
2168
2188
2194
2165
2187
2176
2171
2141
2147
2154
2129
2139
2115
2122
2102
2122
2117
2092
2118
2102
2112
2122
2145
2136
2114
2123
2121
2137
2138
2127
2134
2150
2147
2128
2125
2133
2144
2170
2117
2147
2125
2124
2107
2114
2122
2138
2148
2165
2179
2122
2125
2096
2104
2102
2092
2129
2105
2130
2130
2105
2105
2091
2134
2118
2142
2118
2098
2100
2096
2130
2118
2092
2070
2049
2051
2037
2069
2062
2085
2117
2141
2141
2117
2084
2043
2067
2061
2084
2112
2084
2075
2034
2065
2066
2101
2074
2090
2093
2080
2078
2074
2052
2052
2049
2076
2082
2078
2056
2030
2045
2018
2038
2025
2029
2009
2006
1981
1983
1978
1956
1971
1961
1961
1973
1946
1960
1942
1944
1958
1955
1950
1931
1936
1917
1941
1931
1969
1982
1992
2006
1992
1993
1999
2002
2002
1997
2018
2017
2017
2008
2005
2021
2013
2044
2039
2065
2040
2022
2037
2033
2037
2016
2028
2037
2063
2060
2044
2057
2020
2041
2042
2049
2036
2034
2043
2032
2036
2019
2020
2014
1997
2033
2000
2013
1981
1991
2016
2003
2004
2009
2005
2001
1997
2050
2013
2036
2000
2012
1996
1990
1998
2005
2034
2009
2036
1997
2016
2003
1996
2001
2009
2036
2020
2009
1999
2001
1980
1990
2006
2009
1997
1980
2001
1980
1956
1967
1960
1981
2006
2002
2002
1964
1981
1954
1973
1968
1989
1981
1994
1981
2002
1957
1985
1962
1995
1974
1989
1981
1998
2006
1984
1944
1954
1978
1988
2013
2000
2006
2002
1990
2009
2008
2017
1987
2002
2030
2032
2034
2035
2014
2059
2013
2036
2022
2027
1995
2011
1996
1992
1950
1966
1949
1984
1981
1990
1995
1987
1972
1954
1941
1941
1966
1961
1960
1952
1909
1877
1856
1841
1873
1901
1914
1941
1888
1877
1878
1877
1917
1923
1910
1920
1891
1906
1886
1891
1920
1928
1935
1922
1885
1880
1835
1860
1853
1897
1913
1904
1874
1872
1888
1904
1908
1918
1920
1913
1924
1905
1909
1912
1925
1945
1963
1937
1932
1937
1924
1973
1960
1993
1960
1965
1950
1957
1945
1955
1980
1982
1972
1968
1988
2020
2022
2033
2027
2073
2048
2093
2094
2090
2083
2099
2136
2141
2090
2112
2070
2108
2139
2218
2163
2174
2210
2240
2245
2214
2227
2225
2186
2232
2252
2276
2248
2266
2290
2296
2322
2288
2296
2300
2325
2294
2293
2305
2255
2270
2280
2316
2344
2298
2302
2277
2261
2280
2308
2282
2270
2289
2297
2303
2290
2278
2284
2286
2324
2316
2369
2333
2337
2268
2250
2268
2251
2276
2270
2251
2227
2248
2251
2234
2258
2248
2230
2210
2221
2243
2222
2235
2255
2287
2288
2237
2265
2220
2249
2217
2190
2221
2214
2194
2158
2124
2130
2118
2108
2105
2083
2054
2030
2000
2026
2078
2089
2124
2110
2115
2138
2132
2108
2130
2137
2132
2150
2120
2122
2097
2098
2097
2108
2155
2155
2110
2109
2090
2123
2141
2137
2160
2187
2178
2169
2223
2160
2163
2141
2146
2188
2159
2171
2149
2147
2149
2162
2180
2136
2126
2148
2177
2163
2137
2129
2179
2145
2110
2133
2131
2127
2120
2146
2113
2099
2105
2090
2104
2094
2097
2053
2030
2057
2056
2016
1978
2005
2018
2022
1981
1929
1901
1917
1929
1922
1905
1841
1784
1806
1853
1871
1816
1818
1804
1837
1844
1855
1832
1758
1814
1844
1891
1882
1816
1772
1748
1793
1793
1827
1786
1773
1747
1766
1855
1809
1781
1652
1669
1651
1715
1701
1674
1715
1745
1778
1761
1757
1755
1746
1768
1873
1876
1805
1741
1806
1812
1791
1785
1745
1728
1698
1724
1833
1827
1892
1818
1898
1914
1819
1765
1827
1952
1916
1881
1980
1936
1908
1853
1960
2048
1993
2008
2077
2152
2058
2057
1995
2023
3318
3458
3451
3402
3502
3505
3459
3332
3147
2825
2506
2165
1531
1107
602
400
218
322
262
393
477
541
699
643
508
260
134
22
14
13
13
13
14
444
1005
1470
1804
2045
2333
2509
2721
2822
2772
2674
2640
2673
2708
2808
2741
2744
2734
2710
2682
2559
2441
2258
2213
2196
2306
2309
2257
2157
2120
2145
2118
2068
1920
1781
1771
1741
1791
1843
1980
2142
2446
2664
2829
2891
2889
2813
2771
2696
2607
2448
2338
2193
2116
2024
1941
1874
1812
1742
1677
1608
1440
1272
1103
992
934
891
820
745
702
725
768
826
848
924
1050
1216
1380
1556
1732
1932
2169
2354
2521
2642
2652
2633
2596
2596
2573
2582
2571
2559
2574
2583
2602
2573
2546
2484
2442
2358
2238
2112
1946
1744
1602
1518
1489
1465
1472
1445
1493
1548
1588
1616
1585
1600
1573
1629
1616
1674
1705
1774
1814
1865
1836
1765
1702
1617
1577
1571
1586
1581
1567
1535
1504
1396
1298
1214
1119
1013
912
824
765
765
765
787
834
901
1014
1066
1153
1196
1268
1315
1376
1438
1515
1577
1663
1732
1837
1939
2064
2114
2188
2192
2213
2160
2104
2050
1996
1936
1874
1787
1715
1652
1576
1513
1465
1402
1369
1355
1317
1300
1292
1304
1324
1385
1453
1522
1560
1597
1665
1713
1761
1824
1892
1995
2081
2195
2273
2347
2425
2484
2515
2500
2484
2440
2398
2333
2267
2238
2180
2168
2117
2104
2069
2060
2051
2030
1998
1944
1909
1891
1890
1886
1866
1885
1907
1977
2034
2075
2114
2145
2203
2257
2337
2393
2434
2474
2502
2546
2558
2566
2561
2546
2528
2475
2448
2394
2384
2361
2331
2320
2310
2345
2324
2323
2292
2263
2259
2222
2224
2156
2139
2165
2236
2332
2398
2465
2497
2534
2591
2627
2649
2643
2683
2696
2770
2770
2774
2745
2724
2735
2781
2794
2730
2665
2592
2544
2512
2433
2402
2345
2355
2331
2267
2246
2184
2208
2179
2163
2181
2186
2129
2161
2190
2285
2330
2461
2467
2537
2585
2603
2642
2636
2719
2732
2848
2927
3027
3034
3057
3073
3212
3345
3373
3316
3282
3258
3362
3421
3380
3280
3171
3122
3133
3186
3157
3106
3066
3141
3241
3335
3318
3146
3093
3060
3110
3153
3228
3128
3257
3266
3450
3472
3629
3550
3570
3410
3286
3066
2701
2188
1565
1080
594
436
170
126
140
357
603
816
961
813
659
484
285
36
14
13
13
13
14
492
1000
1494
1836
2297
2552
2836
2910
2874
2828
2749
2754
2732
2840
2846
2906
2950
2950
2893
2773
2666
2467
2413
2321
2291
2358
2329
2374
2352
2386
2336
2272
2118
1964
1852
1773
1777
1766
1900
2060
2308
2572
2778
2954
3054
3067
3012
2921
2745
2603
2429
2261
2124
2012
1947
1908
1873
1814
1742
1626
1486
1310
1149
1005
862
795
689
633
548
534
492
555
574
655
730
821
950
1115
1301
1530
1748
1998
2206
2369
2473
2517
2528
2483
2452
2434
2414
2381
2373
2392
2405
2458
2461
2438
2398
2324
2227
2106
1991
1846
1717
1555
1443
1345
1270
1224
1171
1178
1256
1349
1446
1480
1518
1570
1678
1753
1800
1772
1714
1697
1653
1646
1621
1550
1504
1503
1596
1694
1731
1696
1613
1566
1505
1418
1274
1147
1016
905
849
836
861
884
893
952
1080
1249
1322
1377
1404
1515
1606
1701
1768
1774
1843
1896
2015
2156
2268
2351
2356
2426
2486
2553
2529
2472
2437
2430
2409
2320
2197
2043
1904
1798
1694
1624
1570
1535
1524
1524
1554
1581
1595
1566
1581
1635
1680
1732
1740
1777
1817
1888
1970
2054
2176
2242
2357
2429
2537
2559
2585
2563
2553
2546
2514
2465
2395
2328
2289
2218
2162
2082
2031
1996
1931
1915
1860
1844
1802
1792
1780
1743
1748
1720
1727
1709
1728
1741
1776
1828
1892
1956
2021
2076
2170
2208
2251
2224
2220
2213
2234
2244
2202
2156
2126
2109
2104
2064
2032
1969
1962
1933
1941
1944
1929
1942
1914
1916
1949
1980
2001
1992
2009
2032
2107
2160
2201
2209
2229
2314
2407
2502
2596
2630
2677
2688
2701
2681
2618
2559
2531
2563
2586
2640
2570
2545
2514
2466
2458
2412
2395
2322
2332
2342
2377
2353
2341
2335
2355
2417
2489
2485
2469
2506
2563
2663
2729
2764
2727
2794
2892
3032
3107
3153
3194
3266
3352
3348
3400
3316
3378
3448
3506
3583
3550
3554
3499
3558
3601
3662
3660
3583
3556
3461
3509
3412
3362
3428
3388
3464
3498
3532
3462
3419
3269
3298
3268
3331
3257
3201
3162
3277
3350
3454
3491
3462
3517
3387
3432
3293
3193
2908
2739
2478
2288
1923
1371
854
356
180
16
14
13
13
13
13
14
13
14
13
13
14
13
13
13
13
13
14
336
946
1340
1704
1968
2278
2434
2604
2512
2498
2354
2401
2390
2381
2349
2300
2345
2372
2310
2253
2085
1988
1954
1960
2010
2061
2016
1980
1917
1930
1925
1926
1873
1868
1883
1952
2003
2013
2164
2292
2549
2785
2997
3110
3144
3061
2972
2822
2669
2526
2384
2248
2181
2086
2010
1932
1857
1818
1749
1657
1535
1370
1254
1152
1076
1059
1058
1086
1100
1169
1227
1325
1393
1529
1673
1858
1999
2148
2275
2448
2632
2848
3018
3154
3212
3210
3181
3116
3039
2971
2900
2857
2846
2849
2794
2758
2674
2641
2595
2544
2422
2264
2084
1941
1802
1707
1564
1466
1390
1441
1476
1466
1409
1340
1389
1442
1552
1548
1557
1537
1586
1601
1582
1452
1256
1113
1074
1087
1075
986
896
898
936
944
865
734
665
555
504
426
387
294
196
116
132
237
345
448
531
686
847
972
1057
1082
1109
1137
1192
1280
1393
1458
1484
1535
1622
1747
1788
1777
1728
1709
1712
1664
1595
1492
1426
1354
1286
1224
1186
1162
1130
1129
1130
1138
1160
1156
1230
1307
1417
1514
1582
1706
1824
1962
2027
2107
2177
2267
2401
2485
2589
2637
2716
2772
2856
2917
2951
2966
2944
2916
2906
2862
2787
2690
2636
1841
1857
1876
1882
1872
1892
1905
1966
2004
2061
2078
2112
2146
2180
2200
2200
2172
2181
2187
2218
2198
2196
2174
2208
2215
2201
2157
2126
2121
2150
2158
2159
2123
2105
2062
2056
2025
2009
1993
1984
2003
2006
2008
1977
1937
1904
1885
1887
1889
1914
1935
1953
1973
1968
1968
1958
1955
1969
1996
2056
2102
2156
2165
2187
2191
2235
2261
2277
2285
2286
2289
2304
2298
2290
2236
2224
2194
2207
2211
2198
2193
2210
2252
2269
2260
2229
2205
2249
2267
2303
2292
2323
2325
2340
2312
2276
2244
2245
2244
2247
2224
2211
2202
2224
2238
2233
2204
2166
2163
2144
2147
2138
2125
2146
2192
2251
2258
2275
2247
2237
2244
2230
2208
2185
2169
2193
2203
2212
2189
2186
2181
2222
2261
2281
2260
2224
2187
2182
2219
2254
2269
2307
2333
2369
2425
2433
2429
2378
2356
2348
2405
2411
2408
2365
2345
2379
2402
2446
2434
2427
2422
2433
2491
2528
2549
2530
2546
2597
2677
2706
2689
2628
2592
2603
2630
2640
2644
2588
2593
2665
2758
2835
2798
2733
2673
2700
2729
2710
2662
2590
2603
2625
2671
2662
2595
2559
2559
2624
2624
2625
2535
2474
2468
2430
2346
2241
2139
2101
2073
2005
1948
1930
1872
1804
1688
1448
1256
1057
938
891
921
906
1026
1139
1299
1399
1405
1340
1306
1294
1285
1254
1225
1275
1376
1571
1733
1945
2063
2190
2300
2354
2396
2373
2368
2369
2399
2412
2410
2420
2442
2477
2492
2482
2465
2417
2383
2269
2217
2116
2093
2077
2080
2081
2069
2061
2067
2080
2085
2029
1969
1918
1922
1928
1955
1946
1982
2006
2054
2091
2113
2081
2062
2009
1988
1937
1888
1816
1772
1763
1732
1748
1745
1774
1780
1792
1769
1737
1708
1660
1644
1621
1653
1697
1755
1813
1874
1946
2001
2025
2061
2078
2118
2163
2206
2272
2339
2398
2436
2478
2498
2519
2528
2497
2470
2429
2412
2388
2378
2377
2368
2372
2347
2345
2301
2256
2193
2124
2056
1979
1939
1915
1923
1934
1934
1947
1942
1977
1984
1995
1984
1959
1936
1906
1904
1886
1866
1864
1849
1882
1852
1823
1737
1680
1608
1580
1568
1549
1552
1540
1538
1554
1555
1556
1535
1492
1450
1436
1450
1459
1493
1535
1604
1681
1768
1823
1852
1858
1838
1829
1842
1868
1917
1955
2054
2107
2196
2208
2196
2129
2062
2049
2051
2075
2062
2022
2004
1980
1986
1950
1892
1825
1777
1734
1701
1677
1609
1562
1544
1548
1573
1568
1571
1579
1582
1596
1585
1577
1568
1579
1593
1613
1618
1629
1636
1655
1675
1675
1646
1639
1622
1649
1636
1653
1643
1641
1641
1632
1634
1642
1672
1678
1692
1725
1758
1796
1823
1835
1816
1810
1834
1854
1904
1920
1941
1956
1998
2054
2074
2074
2036
2006
1980
1969
1958
1940
1916
1918
1950
2011
2028
1997
1906
1837
1816
1808
1782
1725
1710
1740
1795
1845
1837
1812
1796
1816
1850
1886
1915
1914
1939
1977
2041
2107
2160
2190
2182
2208
2237
2277
2289
2272
2274
2290
2330
2366
2365
2342
2303
2289
2266
2261
2232
2182
2162
2150
2194
2209
2206
2186
2166
2178
2182
2176
2132
2092
2077
2091
2129
2198
2250
2296
2316
2322
2314
2320
2300
2311
2328
2363
2388
2395
2396
2402
2393
2382
2365
2364
2364
2401
2413
2410
2390
2376
2395
2421
2442
2436
2412
2395
2390
2384
2357
2354
2344
2361
2360
2362
2373
2392
2424
2412
2406
2392
2393
2417
2425
2415
2401
2416
2452
2515
2521
2459
2388
2329
2325
2336
2312
2299
2280
2340
2385
2405
2334
2231
2156
2150
2220
2262
2290
2304
2362
2426
2480
2448
2389
2341
2325
2344
2386
2402
2457
2513
2559
2594
2587
2580
2559
2545
2512
2497
2526
2559
2637
2644
2629
2593
2608
2636
2638
2630
2565
2573
2584
2570
2559
2483
2488
2507
2565
2555
2522
2436
2368
2357
2379
2351
2339
2322
2339
2342
2308
2264
2157
2098
1923
1775
1547
1410
1340
1298
1324
1288
1365
1424
1571
1646
1632
1541
1472
1450
1455
1465
1380
1386
1467
1677
1904
2054
2132
2219
2334
2504
2586
2600
2552
2521
2558
2596
2595
2539
2491
2521
2604
2641
2596
2534
2436
2384
2277
2172
2083
2064
2108
2117
2107
2072
2038
2009
1974
1918
1833
1777
1762
1809
1845
1851
1872
1883
1972
2030
2058
2019
1958
1933
1914
1882
1834
1790
1790
1808
1835
1829
1816
1793
1764
1743
1717
1700
1647
1630
1616
1600
1586
1576
1604
1621
1679
1673
1692
1724
1777
1868
1938
1997
2018
2069
2146
2241
2303
2314
2304
2316
2363
2388
2360
2313
2254
2246
2266
2276
2280
2249
2219
2173
2152
2121
2059
1974
1865
1785
1744
1754
1766
1758
1734
1700
1707
1715
1725
1704
1656
1617
1601
1652
1701
1715
1702
1667
1688
1715
1713
1665
1601
1607
1634
1681
1683
1648
1604
1571
1562
1549
1532
1489
1461
1474
1475
1467
1448
1380
1344
1338
1390
1460
1530
1557
1573
1586
1584
1568
1528
1494
1482
1520
1606
1651
1662
1654
1698
1793
1862
1896
1901
1910
1981
2053
2113
2068
2035
2025
2075
2125
2182
2201
2203
2222
2264
2277
2261
2232
2217
2208
2217
2205
2152
2121
2065
2054
2027
2028
2002
1973
1962
1952
1931
1883
1828
1777
1781
1813
1837
1862
1844
1812
1760
1691
1659
1626
1628
1649
1705
1763
1808
1853
1843
1845
1824
1830
1833
1855
1889
1906
1900
1905
1931
1972
1997
2019
2008
2013
2011
2010
1997
1986
2003
2036
2093
2142
2154
2132
2089
2054
2019
1994
1969
1980
2009
2057
2086
2059
2016
1947
1898
1882
1865
1873
1881
1913
1940
1973
1980
1960
1945
1934
1964
2019
2058
2076
2089
2100
2121
2154
2182
2190
2193
2168
2163
2160
2172
2178
2181
2212
2240
2278
2298
2293
2264
2234
2219
2217
2257
2303
2331
2356
2344
2370
2353
2363
2346
2334
2317
2315
2342
2355
2372
2379
2392
2401
2369
2348
2326
2329
2351
2365
2389
2388
2409
2424
2448
2454
2422
2403
2389
2391
2394
2382
2372
2366
2377
2413
2451
2453
2142
2155
2158
2194
2190
2212
2189
2182
2150
2125
2117
2088
2076
2056
2051
2020
2006
2000
1996
2000
1997
2005
2010
2014
2031
2029
2057
2075
2118
2116
2147
2154
2149
2172
2164
2187
2190
2212
2219
2225
2240
2208
2195
2162
2146
2131
2143
2145
2152
2172
2189
2208
2224
2232
2228
2206
2204
2160
2157
2116
2122
2125
2127
2133
2115
2100
2052
2010
1957
1894
1852
1797
1794
1765
1777
1766
1766
1763
1756
1772
1771
1766
1769
1752
1774
1778
1815
1818
1848
1859
1876
1875
1872
1869
1856
1873
1902
1937
1976
1992
2001
1993
2001
1989
1986
1985
1980
1992
1995
2030
2058
2083
2121
2147
2190
2204
2224
2241
2252
2266
2278
2314
2317
2333
2326
2315
2300
2272
2256
2209
2192
2163
2138
2120
2086
2054
2010
1989
1960
1945
1939
1916
1934
1925
1958
1960
1978
1986
1984
1996
1989
2006
2005
2013
2030
2033
2065
2058
2072
2044
2041
2024
2004
2003
1982
1990
1987
1994
1993
2001
2004
2002
2018
2004
2013
2014
2025
2032
2049
2060
2067
2079
2080
2088
2064
2035
1995
1966
1934
1928
1909
1939
1957
2002
2034
2052
2050
2033
2005
1979
1955
1957
1948
1961
1968
2000
1995
2001
1981
1970
1970
1970
1979
1968
1972
1955
1941
1939
1924
1922
1915
1927
1942
1969
2012
2026
2066
2084
2097
2109
2097
2101
2059
2054
2037
2045
2048
2054
2061
2040
2051
2032
2027
2017
2022
2030
2048
2080
2116
2136
2173
2187
2209
2212
2231
2233
2249
2272
2278
2301
2317
2334
2346
2331
2325
2302
2303
2300
2290
2293
2282
2305
2292
2314
2306
2312
2309
2321
2322
2333
2349
2356
2350
2355
2354
2358
2348
2349
2330
2324
2308
2274
2253
2193
2173
2124
2108
2078
2061
2050
2041
2032
2032
2018
2011
1984
1974
1949
1933
1918
1925
1931
1950
1997
2003
2030
2025
2021
2004
1990
1973
1942
1933
1913
1910
1897
1894
1885
1865
1855
1840
1837
1821
1814
1807
1793
1806
1800
1827
1828
1842
1844
1833
1861
1854
1881
1886
1901
1915
1935
1949
1969
1978
2008
2010
2043
2034
2057
2022
2027
1992
1963
1955
1928
1930
1919
1933
1942
1950
1987
1981
1990
1981
1979
1974
1958
1970
1963
1982
2008
2040
2082
2120
2157
2165
2180
2178
2157
2136
2117
2117
2099
2120
2112
2100
2093
2056
2038
1995
1981
1961
1956
1969
1986
2013
2029
2041
2050
2040
2058
2031
2053
2058
2081
2107
2150
2197
2223
2264
2270
2289
2292
2284
2280
2266
2278
2268
2288
2283
2298
2300
2289
2283
2236
2218
2193
2164
2155
2140
2158
2149
2168
2162
2148
2129
2089
2052
2016
1986
1965
1957
1962
1955
1969
1957
1973
1962
1961
1955
1926
1931
1903
1904
1901
1896
1889
1881
1889
1864
1864
1837
1817
1797
1792
1800
1812
1848
1874
1913
1960
1977
2003
1983
1988
1966
1963
1965
1968
1986
1998
2036
2061
2096
2133
2131
2147
2137
2134
2125
2110
2108
2083
2073
2033
2016
1976
1953
1933
1921
1921
1931
1943
1946
1932
1926
1890
1855
1820
1794
1781
1793
1822
1859
1890
1944
1972
1993
1996
1984
1969
1931
1926
1926
1960
2005
2058
2122
2147
2144
2116
2064
2005
1947
1926
1913
1939
1961
2016
2050
2086
2110
2092
2080
2050
2043
2038
2060
2109
2152
2222
2277
2322
2337
2329
2297
2253
2232
2195
2193
2192
2205
2219
2229
2225
2206
2169
2139
2105
2085
2058
2061
2043
2060
2075
2077
2093
2091
2093
2089
2078
2074
2048
2052
2038
2040
2045
2045
2046
2029
2017
1987
1976
1948
1936
1933
1934
1934
1928
1928
1923
1921
1912
1894
1884
1873
1861
1868
1857
1872
1874
1885
1902
1914
1934
1921
1921
1902
1904
1905
1904
1913
1916
1946
1962
1990
2010
2013
2004
1984
1980
1964
1957
1957
1949
1966
1972
2005
2014
2041
2061
2070
2080
2086
2090
2089
2098
2114
2110
2137
2126
2134
2118
2126
2112
2110
2127
2118
2136
2136
2133
2114
2081
2061
2018
2022
2009
2021
2026
2040
2068
2073
2094
2105
2120
2130
2135
2150
2136
2161
2158
2165
2187
2179
2205
2185
2198
2178
2176
2164
2155
2164
2165
2178
2188
2193
2201
2190
2208
2185
2211
2190
2206
2198
2207
2208
2205
2213
2205
2206
2211
2198
2203
2163
2156
2115
2092
2061
2029
2002
1961
1937
1905
1874
1855
1809
1794
1748
1734
1706
1676
1657
1624
1642
1628
1663
1682
1702
1721
1722
1708
1692
1681
1669
1666
1692
1702
1753
1774
1803
1810
1824
1821
1810
1805
1803
1809
1838
1864
1916
1944
1997
2018
2038
2053
2055
2078
2085
2118
2134
2164
2193
2213
2225
2222
2214
2195
2172
2166
2148
2157
2145
2159
2165
2193
2206
2203
2198
2161
2134
2116
2101
2124
2146
2203
2245
2299
2336
2346
2350
2310
2290
2249
2221
2190
2161
2166
2170
2212
2248
2278
2294
2290
2286
2246
2208
2147
2108
2101
2092
2137
2164
2211
2243
2265
2273
2262
2248
2202
2172
2130
2094
2062
2028
2025
1998
2011
1994
1980
1947
1920
1884
1841
1821
1794
1777
1787
1808
1848
1883
1937
1981
2010
2050
2040
2060
2044
2064
2065
2088
2102
2106
2134
2117
2127
2114
2105
2102
2084
2096
2072
2065
2029
2014
1985
1950
1937
1903
1901
1897
1900
1913
1907
1924
1907
1910
1888
1878
1864
1847
1844
1841
1845
1854
1846
1846
1830
1845
1821
1826
1811
1805
1808
1795
1808
1808
1827
1842
1852
1874
1882
1902
1913
1928
1947
1957
1998
2019
2061
2072
2093
2104
2108
2136
2119
2153
2154
2181
2192
2206
2227
2229
2248
2244
2239
2226
2203
2179
2156
2142
2125
2106
2097
2069
2045
2010
1969
1925
1880
1864
1832
1819
1816
1804
1808
1794
1806
1782
1791
1787
1793
1798
1813
1835
1845
1855
1858
1857
1870
1885
1918
1935
1976
2012
2043
2085
2106
2128
2123
2128
2129
2126
2154
2154
2192
2222
2257
2285
2308
2331
2324
2320
2298
2275
2265
2252
2246
2237
2248
2247
2242
2241
2233
2227
2204
2193
2177
2163
2152
2134
2124
2107
2099
2089
2073
2005
1997
1987
2035
2064
2086
2083
2064
2050
2041
2027
2027
2029
2036
2036
2041
2033
2041
2049
2061
2093
2087
2085
2056
2029
2026
2041
2081
2086
2101
2065
2062
2044
2035
2065
2068
2098
2108
2107
2085
2061
2052
2040
2061
2065
2062
2067
2058
2060
2061
2090
2083
2084
2062
2034
2023
1997
2000
2011
2033
2062
2073
2082
2056
2032
2005
2005
2037
2060
2071
2066
2050
2046
2041
2041
2048
2044
2033
2043
2035
2036
2045
2048
2059
2049
2046
2040
2024
2030
2013
2048
2048
2063
2060
2050
2044
2021
2022
2018
2024
2037
2028
2030
2016
2022
2014
2005
2017
2001
2002
1985
1987
1993
2021
2048
2049
2050
2026
2011
1996
1998
2008
2003
2028
2033
2048
2045
2030
2029
2025
2044
2050
2065
2063
2052
2058
2054
2033
2030
2025
2037
2027
2028
2004
1999
1997
2013
2043
2065
2068
2045
2010
1982
1977
2002
2010
2032
2029
2051
2048
2048
2045
2036
2033
2027
2038
2039
2029
2027
2009
2028
2030
2048
2029
2020
2002
2006
2021
2048
2072
2096
2087
2058
2017
1988
1968
1976
2000
2035
2069
2079
2074
2058
2032
2032
2005
1995
1968
1960
1953
1980
2034
2066
2095
2086
2052
2019
1990
1993
1998
2003
1989
1972
1971
1994
2032
2062
2081
2068
2058
2021
1984
1963
1933
1938
1941
1972
1978
1990
2013
2021
2043
2030
2032
1998
1981
1969
1978
2013
1995
2013
1995
2010
2005
1998
2009
1985
1992
2002
2021
2056
2041
2056
2006
2012
1997
2012
2014
2014
2017
2012
2032
2037
2042
2033
2010
1996
1962
1978
1964
1991
1991
2001
2006
1998
2005
1992
2014
2013
2010
1996
1978
1974
1977
2004
2025
2043
2053
2033
2028
2013
2030
2040
2043
2028
2000
1989
1981
1996
2034
2043
2054
2035
2042
2033
2037
2033
2004
2014
1997
2014
2049
2059
2045
2024
2026
2005
2032
2040
2056
2068
2044
2014
2002
1995
2003
2036
2077
2102
2108
2074
2057
2036
2029
2030
2037
2061
2054
2039
2048
2059
2069
2065
2064
2045
2045
2053
2065
2079
2068
2065
2011
2021
2019
2030
2052
2064
2074
2063
2066
2067
2078
2062
2019
2011
1996
2016
2036
2045
2064
2053
2064
2052
2048
2036
2017
2025
2030
2061
2043
2041
2039
2044
2054
2049
2064
2044
2035
2029
2030
2056
2049
2038
2012
2007
1997
2011
2036
2040
2038
2032
2033
2012
1997
1988
1971
1997
2022
2065
2088
2081
2065
2022
2008
2004
2020
2020
1986
1990
1974
2014
2019
2067
2059
2034
2018
2000
1998
1992
1997
1987
1974
1997
1991
2016
2012
2026
2026
2022
2046
2027
2038
2008
2024
2018
2021
2024
2024
2023
2027
2016
2032
2013
2032
2007
2042
2052
2077
2076
2077
2069
2057
2058
2068
2068
2076
2070
2081
2062
2051
2028
2016
2037
2051
2076
2081
2107
2118
2113
2115
2092
2089
2062
2070
2077
2073
2076
2065
2062
2028
2022
2025
2039
2061
2092
2124
2106
2078
2043
2013
2010
2002
2020
2024
2035
2051
2067
2072
2045
2014
1996
1981
1986
1997
2017
2019
2045
2059
2067
2058
2011
1990
1936
1932
1932
1964
1994
2029
2054
2066
2049
2029
1971
1952
1924
1922
1946
1963
1997
2017
2034
2018
1994
1972
1930
1914
1909
1940
1965
1993
2009
2005
1989
1972
1952
1961
1956
1978
1979
1989
1979
1976
1960
1968
1984
1998
2000
1993
1980
1970
1952
1957
1950
1955
1942
1968
1981
1987
1979
1972
1987
2008
2021
2034
2025
2011
1977
1969
1960
1998
2004
2024
2013
2004
2017
1998
2008
2003
2031
2036
2048
2055
2052
2049
2030
2022
2021
2024
2050
2054
2084
2080
2089
2090
2085
2084
2058
2065
2058
2051
2060
2050
2088
2091
2129
2108
2105
2070
2050
2052
2068
2080
2073
2098
2091
2091
2097
2083
2094
2078
2098
2089
2077
2082
2074
2089
2089
2121
2117
2120
2095
2064
2065
2048
2070
2086
2097
2107
2075
2074
2034
2046
2045
2077
2113
2133
2145
2108
2068
2013
2000
2018
2061
2099
2090
2067
2022
1994
1985
1977
1995
2013
2034
2043
2042
2038
1990
1970
1961
1981
2016
2030
2043
2033
2025
2009
1987
1968
1949
1972
1974
2001
2002
2011
2006
1977
1963
1952
1952
1936
1954
1968
1972
1989
1982
1976
1961
1948
1957
1963
1985
1990
1988
1983
1968
1957
1942
1963
1959
1987
1998
1998
1986
1972
1978
1988
2006
2028
2029
2045
2032
2034
2021
2020
2008
2001
1995
2005
2035
2053
2056
2056
2048
2048
2049
2056
2025
2053
2065
2081
2101
2102
2108
2084
2090
2066
2056
2054
2056
2084
2076
2107
2118
2126
2123
2116
2114
2096
2088
2058
2043
2048
2068
2096
2113
2136
2136
2132
2114
2082
2060
2052
2049
2077
2089
2132
2128
2156
2145
2146
2128
2098
2062
2037
2032
2041
2071
2109
2118
2134
2102
2105
2064
2064
2048
2052
2056
2058
2066
2054
2048
2044
2020
2009
2009
2018
2046
2068
2085
2075
2069
2043
2021
1989
1972
1940
1941
1974
2006
2027
2035
2024
2020
2007
2023
2013
2030
2029
2013
2000
1972
1970
1954
1948
1955
1972
1987
1993
2001
2021
2013
1996
1974
1962
1950
1966
1994
2017
2027
2010
2009
1989
1985
1979
1966
1950
1944
1952
1963
1989
2003
2002
2056
2054
2052
2027
1984
1984
1997
1993
2057
2003
2001
2011
2017
1978
1994
1987
2014
2029
2053
2018
2010
2002
2010
2024
2048
2065
2028
2042
1995
2014
1998
2068
2069
2070
2117
2052
2080
2061
2062
2042
2039
2099
2062
2124
2086
2129
2085
2141
2132
2134
2124
2106
2100
2092
2117
2099
2131
2129
2136
2166
2136
2144
2144
2117
2129
2104
2129
2115
2142
2120
2137
2138
2125
2133
2116
2158
2155
2153
2138
2104
2126
2107
2143
2137
2157
2124
2085
2052
2061
2077
2076
2086
2094
2079
2100
2038
2044
2013
2003
1998
2026
2045
2069
2086
2082
2064
2043
1980
1962
1974
1987
2006
2028
2025
2014
2020
1994
1987
2005
2024
2018
2006
2018
1983
1974
1966
1955
1946
1946
2026
2001
2056
1976
2045
2027
2016
2018
1982
1971
1961
1888
1969
1999
1991
1993
1997
2011
2026
2028
2027
2012
2004
2006
2